[2025-04-20 00:39:50] [INFO] Application bootstrap started.
[2025-04-20 00:39:50] [DEBUG] Session started. Session ID: u7k3d78svmn72j2ojuuo6kp968
[2025-04-20 00:39:50] [DEBUG] Adjusting route: Removing leading 'public' segment from URL parts. {"original_parts":["public","auth","authenticate"]}
[2025-04-20 00:39:50] [DEBUG] Routing request {"controller":"auth","action":"authenticate","params":[],"original_url":"public\/auth\/authenticate","method":"GET"}
[2025-04-20 00:39:50] [DEBUG] Comprobando autenticación para ruta: auth/authenticate {"es_ruta_publica":true,"estado_sesion":"no autenticado"}
[2025-04-20 00:39:50] [DEBUG] AuthController inicializado
[2025-04-20 00:39:50] [INFO] Dispatching to controller action. {"controller":"AuthController","action":"authenticate"}
[2025-04-20 00:39:50] [INFO] Iniciando proceso de autenticación
[2025-04-20 00:39:50] [DEBUG] Datos recibidos en POST: []
[2025-04-20 00:39:50] [DEBUG] Verificando autenticación: no hay usuario en sesión
[2025-04-20 00:39:50] [WARNING] Método de solicitud no permitido para autenticación: GET
[2025-04-20 00:39:50] [DEBUG] Redirigiendo a: /b2b_conector/auth/login
[2025-04-20 00:39:50] [INFO] Application bootstrap started.
[2025-04-20 00:39:50] [DEBUG] Session started. Session ID: u7k3d78svmn72j2ojuuo6kp968
[2025-04-20 00:39:50] [DEBUG] Routing request {"controller":"auth","action":"login","params":[],"original_url":"auth\/login","method":"GET"}
[2025-04-20 00:39:50] [DEBUG] Comprobando autenticación para ruta: auth/login {"es_ruta_publica":true,"estado_sesion":"no autenticado"}
[2025-04-20 00:39:50] [DEBUG] AuthController inicializado
[2025-04-20 00:39:50] [INFO] Dispatching to controller action. {"controller":"AuthController","action":"login"}
[2025-04-20 00:39:50] [DEBUG] Verificando autenticación: no hay usuario en sesión
[2025-04-20 00:39:50] [DEBUG] Token CSRF generado para formulario de login: b597c65f...
[2025-04-20 00:39:50] [INFO] Request handled successfully.
[2025-04-20 00:39:50] [INFO] Application bootstrap started.
[2025-04-20 00:39:50] [DEBUG] Session started. Session ID: u7k3d78svmn72j2ojuuo6kp968
[2025-04-20 00:39:50] [DEBUG] Adjusting route: Removing leading 'public' segment from URL parts. {"original_parts":["public","assets","css","auth.css"]}
[2025-04-20 00:39:50] [DEBUG] Routing request {"controller":"assets","action":"css","params":["auth.css"],"original_url":"public\/assets\/css\/auth.css","method":"GET"}
[2025-04-20 00:39:50] [DEBUG] Comprobando autenticación para ruta: assets/css {"es_ruta_publica":false,"estado_sesion":"no autenticado"}
[2025-04-20 00:39:50] [DEBUG] Verificando autenticación: no hay usuario en sesión
[2025-04-20 00:39:50] [WARNING] Authentication required, redirecting to login. {"route":"assets\/css"}
[2025-04-20 00:39:50] [DEBUG] Mensaje flash establecido: Debe iniciar sesión para acceder a esta sección. (tipo: danger)
[2025-04-20 00:39:50] [INFO] Application bootstrap started.
[2025-04-20 00:39:50] [DEBUG] Session started. Session ID: u7k3d78svmn72j2ojuuo6kp968
[2025-04-20 00:39:50] [DEBUG] Routing request {"controller":"auth","action":"login","params":[],"original_url":"auth\/login","method":"GET"}
[2025-04-20 00:39:50] [DEBUG] Comprobando autenticación para ruta: auth/login {"es_ruta_publica":true,"estado_sesion":"no autenticado"}
[2025-04-20 00:39:50] [DEBUG] AuthController inicializado
[2025-04-20 00:39:50] [INFO] Dispatching to controller action. {"controller":"AuthController","action":"login"}
[2025-04-20 00:39:50] [DEBUG] Verificando autenticación: no hay usuario en sesión
[2025-04-20 00:39:50] [DEBUG] Token CSRF generado para formulario de login: b597c65f...
[2025-04-20 00:39:50] [INFO] Request handled successfully.
[2025-04-20 00:39:59] [INFO] Application bootstrap started.
[2025-04-20 00:39:59] [DEBUG] Session started. Session ID: u7k3d78svmn72j2ojuuo6kp968
[2025-04-20 00:39:59] [DEBUG] Adjusting route: Removing leading 'public' segment from URL parts. {"original_parts":["public","auth","authenticate"]}
[2025-04-20 00:39:59] [DEBUG] Routing request {"controller":"auth","action":"authenticate","params":[],"original_url":"public\/auth\/authenticate","method":"POST"}
[2025-04-20 00:39:59] [DEBUG] Comprobando autenticación para ruta: auth/authenticate {"es_ruta_publica":true,"estado_sesion":"no autenticado"}
[2025-04-20 00:39:59] [DEBUG] AuthController inicializado
[2025-04-20 00:39:59] [INFO] Dispatching to controller action. {"controller":"AuthController","action":"authenticate"}
[2025-04-20 00:39:59] [INFO] Iniciando proceso de autenticación
[2025-04-20 00:39:59] [DEBUG] Datos recibidos en POST: {"csrf_token":"b597c65fa36299e3eb8928fe23d9c308","login":"admin","password":"admin123"}
[2025-04-20 00:39:59] [DEBUG] Verificando autenticación: no hay usuario en sesión
[2025-04-20 00:39:59] [DEBUG] Intentando autenticar usuario: admin
[2025-04-20 00:39:59] [DEBUG] Intentando autenticar usuario: admin
[2025-04-20 00:39:59] [DEBUG] Buscando usuario por login (email o username): admin
[2025-04-20 00:39:59] [DEBUG] Consulta SQL ejecutada {"sql":"SELECT * FROM users WHERE email = :email OR username = :username LIMIT 1","params":{":email":"admin",":username":"admin"},"execution_time":"0.67 ms"}
[2025-04-20 00:39:59] [WARNING] Undefined array key "id" en /var/www/html/b2b_conector/models/User.php línea 124 {"errno":2}
[2025-04-20 00:39:59] [WARNING] Undefined array key "password" en /var/www/html/b2b_conector/models/User.php línea 127 {"errno":2}
[2025-04-20 00:39:59] [WARNING] Undefined array key "created_at" en /var/www/html/b2b_conector/models/User.php línea 131 {"errno":2}
[2025-04-20 00:39:59] [WARNING] Undefined array key "updated_at" en /var/www/html/b2b_conector/models/User.php línea 132 {"errno":2}
[2025-04-20 00:39:59] [DEBUG] Usuario encontrado por login: admin
[2025-04-20 00:39:59] [DEBUG] Verificando contraseña para usuario: admin
[2025-04-20 00:39:59] [INFO] password_verify(): Passing null to parameter #2 ($hash) of type string is deprecated en /var/www/html/b2b_conector/utils/Security.php línea 20 {"errno":8192}
[2025-04-20 00:39:59] [WARNING] Contraseña incorrecta para usuario: admin
[2025-04-20 00:39:59] [INFO] Resultado de autenticación: fallido
[2025-04-20 00:39:59] [WARNING] Autenticación fallida para usuario: admin
[2025-04-20 00:39:59] [DEBUG] Mensaje flash establecido: Credenciales inválidas. Por favor, intente nuevamente (tipo: danger)
[2025-04-20 00:39:59] [DEBUG] Redirigiendo a: /b2b_conector/auth/login
[2025-04-20 00:39:59] [INFO] Application bootstrap started.
[2025-04-20 00:39:59] [DEBUG] Session started. Session ID: u7k3d78svmn72j2ojuuo6kp968
[2025-04-20 00:39:59] [DEBUG] Routing request {"controller":"auth","action":"login","params":[],"original_url":"auth\/login","method":"GET"}
[2025-04-20 00:39:59] [DEBUG] Comprobando autenticación para ruta: auth/login {"es_ruta_publica":true,"estado_sesion":"no autenticado"}
[2025-04-20 00:39:59] [DEBUG] AuthController inicializado
[2025-04-20 00:39:59] [INFO] Dispatching to controller action. {"controller":"AuthController","action":"login"}
[2025-04-20 00:39:59] [DEBUG] Verificando autenticación: no hay usuario en sesión
[2025-04-20 00:39:59] [DEBUG] Token CSRF generado para formulario de login: b597c65f...
[2025-04-20 00:39:59] [INFO] Request handled successfully.
[2025-04-20 00:39:59] [INFO] Application bootstrap started.
[2025-04-20 00:39:59] [DEBUG] Session started. Session ID: u7k3d78svmn72j2ojuuo6kp968
[2025-04-20 00:39:59] [DEBUG] Adjusting route: Removing leading 'public' segment from URL parts. {"original_parts":["public","assets","css","auth.css"]}
[2025-04-20 00:39:59] [DEBUG] Routing request {"controller":"assets","action":"css","params":["auth.css"],"original_url":"public\/assets\/css\/auth.css","method":"GET"}
[2025-04-20 00:39:59] [DEBUG] Comprobando autenticación para ruta: assets/css {"es_ruta_publica":false,"estado_sesion":"no autenticado"}
[2025-04-20 00:39:59] [DEBUG] Verificando autenticación: no hay usuario en sesión
[2025-04-20 00:39:59] [WARNING] Authentication required, redirecting to login. {"route":"assets\/css"}
[2025-04-20 00:39:59] [DEBUG] Mensaje flash establecido: Debe iniciar sesión para acceder a esta sección. (tipo: danger)
[2025-04-20 00:39:59] [INFO] Application bootstrap started.
[2025-04-20 00:39:59] [DEBUG] Session started. Session ID: u7k3d78svmn72j2ojuuo6kp968
[2025-04-20 00:39:59] [DEBUG] Routing request {"controller":"auth","action":"login","params":[],"original_url":"auth\/login","method":"GET"}
[2025-04-20 00:39:59] [DEBUG] Comprobando autenticación para ruta: auth/login {"es_ruta_publica":true,"estado_sesion":"no autenticado"}
[2025-04-20 00:39:59] [DEBUG] AuthController inicializado
[2025-04-20 00:39:59] [INFO] Dispatching to controller action. {"controller":"AuthController","action":"login"}
[2025-04-20 00:39:59] [DEBUG] Verificando autenticación: no hay usuario en sesión
[2025-04-20 00:39:59] [DEBUG] Token CSRF generado para formulario de login: b597c65f...
[2025-04-20 00:39:59] [INFO] Request handled successfully.
[2025-04-20 00:40:08] [INFO] Application bootstrap started.
[2025-04-20 00:40:08] [DEBUG] Session started. Session ID: u7k3d78svmn72j2ojuuo6kp968
[2025-04-20 00:40:08] [DEBUG] Adjusting route: Removing leading 'public' segment from URL parts. {"original_parts":["public","auth","authenticate"]}
[2025-04-20 00:40:08] [DEBUG] Routing request {"controller":"auth","action":"authenticate","params":[],"original_url":"public\/auth\/authenticate","method":"POST"}
[2025-04-20 00:40:08] [DEBUG] Comprobando autenticación para ruta: auth/authenticate {"es_ruta_publica":true,"estado_sesion":"no autenticado"}
[2025-04-20 00:40:08] [DEBUG] AuthController inicializado
[2025-04-20 00:40:08] [INFO] Dispatching to controller action. {"controller":"AuthController","action":"authenticate"}
[2025-04-20 00:40:08] [INFO] Iniciando proceso de autenticación
[2025-04-20 00:40:08] [DEBUG] Datos recibidos en POST: {"csrf_token":"b597c65fa36299e3eb8928fe23d9c308","login":"admin","password":"ADMIN123"}
[2025-04-20 00:40:08] [DEBUG] Verificando autenticación: no hay usuario en sesión
[2025-04-20 00:40:08] [DEBUG] Intentando autenticar usuario: admin
[2025-04-20 00:40:08] [DEBUG] Intentando autenticar usuario: admin
[2025-04-20 00:40:08] [DEBUG] Buscando usuario por login (email o username): admin
[2025-04-20 00:40:08] [DEBUG] Consulta SQL ejecutada {"sql":"SELECT * FROM users WHERE email = :email OR username = :username LIMIT 1","params":{":email":"admin",":username":"admin"},"execution_time":"0.96 ms"}
[2025-04-20 00:40:08] [WARNING] Undefined array key "id" en /var/www/html/b2b_conector/models/User.php línea 124 {"errno":2}
[2025-04-20 00:40:08] [WARNING] Undefined array key "password" en /var/www/html/b2b_conector/models/User.php línea 127 {"errno":2}
[2025-04-20 00:40:08] [WARNING] Undefined array key "created_at" en /var/www/html/b2b_conector/models/User.php línea 131 {"errno":2}
[2025-04-20 00:40:08] [WARNING] Undefined array key "updated_at" en /var/www/html/b2b_conector/models/User.php línea 132 {"errno":2}
[2025-04-20 00:40:08] [DEBUG] Usuario encontrado por login: admin
[2025-04-20 00:40:08] [DEBUG] Verificando contraseña para usuario: admin
[2025-04-20 00:40:08] [INFO] password_verify(): Passing null to parameter #2 ($hash) of type string is deprecated en /var/www/html/b2b_conector/utils/Security.php línea 20 {"errno":8192}
[2025-04-20 00:40:08] [WARNING] Contraseña incorrecta para usuario: admin
[2025-04-20 00:40:08] [INFO] Resultado de autenticación: fallido
[2025-04-20 00:40:08] [WARNING] Autenticación fallida para usuario: admin
[2025-04-20 00:40:08] [DEBUG] Mensaje flash establecido: Credenciales inválidas. Por favor, intente nuevamente (tipo: danger)
[2025-04-20 00:40:08] [DEBUG] Redirigiendo a: /b2b_conector/auth/login
[2025-04-20 00:40:08] [INFO] Application bootstrap started.
[2025-04-20 00:40:08] [DEBUG] Session started. Session ID: u7k3d78svmn72j2ojuuo6kp968
[2025-04-20 00:40:08] [DEBUG] Routing request {"controller":"auth","action":"login","params":[],"original_url":"auth\/login","method":"GET"}
[2025-04-20 00:40:08] [DEBUG] Comprobando autenticación para ruta: auth/login {"es_ruta_publica":true,"estado_sesion":"no autenticado"}
[2025-04-20 00:40:08] [DEBUG] AuthController inicializado
[2025-04-20 00:40:08] [INFO] Dispatching to controller action. {"controller":"AuthController","action":"login"}
[2025-04-20 00:40:08] [DEBUG] Verificando autenticación: no hay usuario en sesión
[2025-04-20 00:40:08] [DEBUG] Token CSRF generado para formulario de login: b597c65f...
[2025-04-20 00:40:08] [INFO] Request handled successfully.
[2025-04-20 00:40:08] [INFO] Application bootstrap started.
[2025-04-20 00:40:08] [DEBUG] Session started. Session ID: u7k3d78svmn72j2ojuuo6kp968
[2025-04-20 00:40:08] [DEBUG] Adjusting route: Removing leading 'public' segment from URL parts. {"original_parts":["public","assets","css","auth.css"]}
[2025-04-20 00:40:08] [DEBUG] Routing request {"controller":"assets","action":"css","params":["auth.css"],"original_url":"public\/assets\/css\/auth.css","method":"GET"}
[2025-04-20 00:40:08] [DEBUG] Comprobando autenticación para ruta: assets/css {"es_ruta_publica":false,"estado_sesion":"no autenticado"}
[2025-04-20 00:40:08] [DEBUG] Verificando autenticación: no hay usuario en sesión
[2025-04-20 00:40:08] [WARNING] Authentication required, redirecting to login. {"route":"assets\/css"}
[2025-04-20 00:40:08] [DEBUG] Mensaje flash establecido: Debe iniciar sesión para acceder a esta sección. (tipo: danger)
[2025-04-20 00:40:08] [INFO] Application bootstrap started.
[2025-04-20 00:40:08] [DEBUG] Session started. Session ID: u7k3d78svmn72j2ojuuo6kp968
[2025-04-20 00:40:08] [DEBUG] Routing request {"controller":"auth","action":"login","params":[],"original_url":"auth\/login","method":"GET"}
[2025-04-20 00:40:08] [DEBUG] Comprobando autenticación para ruta: auth/login {"es_ruta_publica":true,"estado_sesion":"no autenticado"}
[2025-04-20 00:40:08] [DEBUG] AuthController inicializado
[2025-04-20 00:40:08] [INFO] Dispatching to controller action. {"controller":"AuthController","action":"login"}
[2025-04-20 00:40:08] [DEBUG] Verificando autenticación: no hay usuario en sesión
[2025-04-20 00:40:08] [DEBUG] Token CSRF generado para formulario de login: b597c65f...
[2025-04-20 00:40:08] [INFO] Request handled successfully.
[2025-04-20 00:40:11] [INFO] Application bootstrap started.
[2025-04-20 00:40:11] [DEBUG] Session started. Session ID: u7k3d78svmn72j2ojuuo6kp968
[2025-04-20 00:40:11] [DEBUG] Routing request {"controller":"auth","action":"login","params":[],"original_url":"auth\/login","method":"GET"}
[2025-04-20 00:40:11] [DEBUG] Comprobando autenticación para ruta: auth/login {"es_ruta_publica":true,"estado_sesion":"no autenticado"}
[2025-04-20 00:40:11] [DEBUG] AuthController inicializado
[2025-04-20 00:40:11] [INFO] Dispatching to controller action. {"controller":"AuthController","action":"login"}
[2025-04-20 00:40:11] [DEBUG] Verificando autenticación: no hay usuario en sesión
[2025-04-20 00:40:11] [DEBUG] Token CSRF generado para formulario de login: b597c65f...
[2025-04-20 00:40:11] [INFO] Request handled successfully.
[2025-04-20 00:40:11] [INFO] Application bootstrap started.
[2025-04-20 00:40:11] [DEBUG] Session started. Session ID: u7k3d78svmn72j2ojuuo6kp968
[2025-04-20 00:40:11] [DEBUG] Adjusting route: Removing leading 'public' segment from URL parts. {"original_parts":["public","assets","css","auth.css"]}
[2025-04-20 00:40:11] [DEBUG] Routing request {"controller":"assets","action":"css","params":["auth.css"],"original_url":"public\/assets\/css\/auth.css","method":"GET"}
[2025-04-20 00:40:11] [DEBUG] Comprobando autenticación para ruta: assets/css {"es_ruta_publica":false,"estado_sesion":"no autenticado"}
[2025-04-20 00:40:11] [DEBUG] Verificando autenticación: no hay usuario en sesión
[2025-04-20 00:40:11] [WARNING] Authentication required, redirecting to login. {"route":"assets\/css"}
[2025-04-20 00:40:11] [DEBUG] Mensaje flash establecido: Debe iniciar sesión para acceder a esta sección. (tipo: danger)
[2025-04-20 00:40:11] [INFO] Application bootstrap started.
[2025-04-20 00:40:11] [DEBUG] Session started. Session ID: u7k3d78svmn72j2ojuuo6kp968
[2025-04-20 00:40:11] [DEBUG] Routing request {"controller":"auth","action":"login","params":[],"original_url":"auth\/login","method":"GET"}
[2025-04-20 00:40:11] [DEBUG] Comprobando autenticación para ruta: auth/login {"es_ruta_publica":true,"estado_sesion":"no autenticado"}
[2025-04-20 00:40:11] [DEBUG] AuthController inicializado
[2025-04-20 00:40:11] [INFO] Dispatching to controller action. {"controller":"AuthController","action":"login"}
[2025-04-20 00:40:11] [DEBUG] Verificando autenticación: no hay usuario en sesión
[2025-04-20 00:40:11] [DEBUG] Token CSRF generado para formulario de login: b597c65f...
[2025-04-20 00:40:11] [INFO] Request handled successfully.
[2025-04-20 00:40:18] [INFO] Application bootstrap started.
[2025-04-20 00:40:18] [DEBUG] Session started. Session ID: u7k3d78svmn72j2ojuuo6kp968
[2025-04-20 00:40:18] [DEBUG] Adjusting route: Removing leading 'public' segment from URL parts. {"original_parts":["public","auth","authenticate"]}
[2025-04-20 00:40:18] [DEBUG] Routing request {"controller":"auth","action":"authenticate","params":[],"original_url":"public\/auth\/authenticate","method":"POST"}
[2025-04-20 00:40:18] [DEBUG] Comprobando autenticación para ruta: auth/authenticate {"es_ruta_publica":true,"estado_sesion":"no autenticado"}
[2025-04-20 00:40:18] [DEBUG] AuthController inicializado
[2025-04-20 00:40:18] [INFO] Dispatching to controller action. {"controller":"AuthController","action":"authenticate"}
[2025-04-20 00:40:18] [INFO] Iniciando proceso de autenticación
[2025-04-20 00:40:18] [DEBUG] Datos recibidos en POST: {"csrf_token":"b597c65fa36299e3eb8928fe23d9c308","login":"admin","password":"admin123"}
[2025-04-20 00:40:18] [DEBUG] Verificando autenticación: no hay usuario en sesión
[2025-04-20 00:40:18] [DEBUG] Intentando autenticar usuario: admin
[2025-04-20 00:40:18] [DEBUG] Intentando autenticar usuario: admin
[2025-04-20 00:40:18] [DEBUG] Buscando usuario por login (email o username): admin
[2025-04-20 00:40:18] [DEBUG] Consulta SQL ejecutada {"sql":"SELECT * FROM users WHERE email = :email OR username = :username LIMIT 1","params":{":email":"admin",":username":"admin"},"execution_time":"1.13 ms"}
[2025-04-20 00:40:18] [WARNING] Undefined array key "id" en /var/www/html/b2b_conector/models/User.php línea 124 {"errno":2}
[2025-04-20 00:40:18] [WARNING] Undefined array key "password" en /var/www/html/b2b_conector/models/User.php línea 127 {"errno":2}
[2025-04-20 00:40:18] [WARNING] Undefined array key "created_at" en /var/www/html/b2b_conector/models/User.php línea 131 {"errno":2}
[2025-04-20 00:40:18] [WARNING] Undefined array key "updated_at" en /var/www/html/b2b_conector/models/User.php línea 132 {"errno":2}
[2025-04-20 00:40:18] [DEBUG] Usuario encontrado por login: admin
[2025-04-20 00:40:18] [DEBUG] Verificando contraseña para usuario: admin
[2025-04-20 00:40:18] [INFO] password_verify(): Passing null to parameter #2 ($hash) of type string is deprecated en /var/www/html/b2b_conector/utils/Security.php línea 20 {"errno":8192}
[2025-04-20 00:40:18] [WARNING] Contraseña incorrecta para usuario: admin
[2025-04-20 00:40:18] [INFO] Resultado de autenticación: fallido
[2025-04-20 00:40:18] [WARNING] Autenticación fallida para usuario: admin
[2025-04-20 00:40:18] [DEBUG] Mensaje flash establecido: Credenciales inválidas. Por favor, intente nuevamente (tipo: danger)
[2025-04-20 00:40:18] [DEBUG] Redirigiendo a: /b2b_conector/auth/login
[2025-04-20 00:40:18] [INFO] Application bootstrap started.
[2025-04-20 00:40:18] [DEBUG] Session started. Session ID: u7k3d78svmn72j2ojuuo6kp968
[2025-04-20 00:40:18] [DEBUG] Routing request {"controller":"auth","action":"login","params":[],"original_url":"auth\/login","method":"GET"}
[2025-04-20 00:40:18] [DEBUG] Comprobando autenticación para ruta: auth/login {"es_ruta_publica":true,"estado_sesion":"no autenticado"}
[2025-04-20 00:40:18] [DEBUG] AuthController inicializado
[2025-04-20 00:40:18] [INFO] Dispatching to controller action. {"controller":"AuthController","action":"login"}
[2025-04-20 00:40:18] [DEBUG] Verificando autenticación: no hay usuario en sesión
[2025-04-20 00:40:18] [DEBUG] Token CSRF generado para formulario de login: b597c65f...
[2025-04-20 00:40:18] [INFO] Request handled successfully.
[2025-04-20 00:40:18] [INFO] Application bootstrap started.
[2025-04-20 00:40:18] [DEBUG] Session started. Session ID: u7k3d78svmn72j2ojuuo6kp968
[2025-04-20 00:40:18] [DEBUG] Adjusting route: Removing leading 'public' segment from URL parts. {"original_parts":["public","assets","css","auth.css"]}
[2025-04-20 00:40:18] [DEBUG] Routing request {"controller":"assets","action":"css","params":["auth.css"],"original_url":"public\/assets\/css\/auth.css","method":"GET"}
[2025-04-20 00:40:18] [DEBUG] Comprobando autenticación para ruta: assets/css {"es_ruta_publica":false,"estado_sesion":"no autenticado"}
[2025-04-20 00:40:18] [DEBUG] Verificando autenticación: no hay usuario en sesión
[2025-04-20 00:40:18] [WARNING] Authentication required, redirecting to login. {"route":"assets\/css"}
[2025-04-20 00:40:18] [DEBUG] Mensaje flash establecido: Debe iniciar sesión para acceder a esta sección. (tipo: danger)
[2025-04-20 00:40:18] [INFO] Application bootstrap started.
[2025-04-20 00:40:18] [DEBUG] Session started. Session ID: u7k3d78svmn72j2ojuuo6kp968
[2025-04-20 00:40:18] [DEBUG] Routing request {"controller":"auth","action":"login","params":[],"original_url":"auth\/login","method":"GET"}
[2025-04-20 00:40:18] [DEBUG] Comprobando autenticación para ruta: auth/login {"es_ruta_publica":true,"estado_sesion":"no autenticado"}
[2025-04-20 00:40:18] [DEBUG] AuthController inicializado
[2025-04-20 00:40:18] [INFO] Dispatching to controller action. {"controller":"AuthController","action":"login"}
[2025-04-20 00:40:18] [DEBUG] Verificando autenticación: no hay usuario en sesión
[2025-04-20 00:40:18] [DEBUG] Token CSRF generado para formulario de login: b597c65f...
[2025-04-20 00:40:18] [INFO] Request handled successfully.
[2025-04-20 00:41:52] [INFO] Application bootstrap started.
[2025-04-20 00:41:52] [DEBUG] Session started. Session ID: u7k3d78svmn72j2ojuuo6kp968
[2025-04-20 00:41:52] [DEBUG] Adjusting route: Removing leading 'public' segment from URL parts. {"original_parts":["public","auth","authenticate"]}
[2025-04-20 00:41:52] [DEBUG] Routing request {"controller":"auth","action":"authenticate","params":[],"original_url":"public\/auth\/authenticate","method":"POST"}
[2025-04-20 00:41:52] [DEBUG] Comprobando autenticación para ruta: auth/authenticate {"es_ruta_publica":true,"estado_sesion":"no autenticado"}
[2025-04-20 00:41:52] [DEBUG] AuthController inicializado
[2025-04-20 00:41:52] [INFO] Dispatching to controller action. {"controller":"AuthController","action":"authenticate"}
[2025-04-20 00:41:52] [INFO] Iniciando proceso de autenticación
[2025-04-20 00:41:52] [DEBUG] Datos recibidos en POST: {"csrf_token":"b597c65fa36299e3eb8928fe23d9c308","login":"admin","password":"admin123"}
[2025-04-20 00:41:52] [DEBUG] Verificando autenticación: no hay usuario en sesión
[2025-04-20 00:41:52] [DEBUG] Intentando autenticar usuario: admin
[2025-04-20 00:41:52] [DEBUG] Intentando autenticar usuario: admin
[2025-04-20 00:41:52] [DEBUG] Buscando usuario por login (email o username): admin
[2025-04-20 00:41:52] [DEBUG] Consulta SQL ejecutada {"sql":"SELECT * FROM users WHERE email = :email OR username = :username LIMIT 1","params":{":email":"admin",":username":"admin"},"execution_time":"1.54 ms"}
[2025-04-20 00:41:52] [WARNING] Undefined array key "id" en /var/www/html/b2b_conector/models/User.php línea 124 {"errno":2}
[2025-04-20 00:41:52] [WARNING] Undefined array key "password" en /var/www/html/b2b_conector/models/User.php línea 127 {"errno":2}
[2025-04-20 00:41:52] [WARNING] Undefined array key "created_at" en /var/www/html/b2b_conector/models/User.php línea 131 {"errno":2}
[2025-04-20 00:41:52] [WARNING] Undefined array key "updated_at" en /var/www/html/b2b_conector/models/User.php línea 132 {"errno":2}
[2025-04-20 00:41:52] [DEBUG] Usuario encontrado por login: admin
[2025-04-20 00:41:52] [DEBUG] Verificando contraseña para usuario: admin
[2025-04-20 00:41:52] [INFO] password_verify(): Passing null to parameter #2 ($hash) of type string is deprecated en /var/www/html/b2b_conector/utils/Security.php línea 20 {"errno":8192}
[2025-04-20 00:41:52] [WARNING] Contraseña incorrecta para usuario: admin
[2025-04-20 00:41:52] [INFO] Resultado de autenticación: fallido
[2025-04-20 00:41:52] [WARNING] Autenticación fallida para usuario: admin
[2025-04-20 00:41:52] [DEBUG] Mensaje flash establecido: Credenciales inválidas. Por favor, intente nuevamente (tipo: danger)
[2025-04-20 00:41:52] [DEBUG] Redirigiendo a: /b2b_conector/auth/login
[2025-04-20 00:41:52] [INFO] Application bootstrap started.
[2025-04-20 00:41:52] [DEBUG] Session started. Session ID: u7k3d78svmn72j2ojuuo6kp968
[2025-04-20 00:41:52] [DEBUG] Routing request {"controller":"auth","action":"login","params":[],"original_url":"auth\/login","method":"GET"}
[2025-04-20 00:41:52] [DEBUG] Comprobando autenticación para ruta: auth/login {"es_ruta_publica":true,"estado_sesion":"no autenticado"}
[2025-04-20 00:41:52] [DEBUG] AuthController inicializado
[2025-04-20 00:41:52] [INFO] Dispatching to controller action. {"controller":"AuthController","action":"login"}
[2025-04-20 00:41:52] [DEBUG] Verificando autenticación: no hay usuario en sesión
[2025-04-20 00:41:52] [DEBUG] Token CSRF generado para formulario de login: b597c65f...
[2025-04-20 00:41:52] [INFO] Request handled successfully.
[2025-04-20 00:41:52] [INFO] Application bootstrap started.
[2025-04-20 00:41:52] [DEBUG] Session started. Session ID: u7k3d78svmn72j2ojuuo6kp968
[2025-04-20 00:41:52] [DEBUG] Adjusting route: Removing leading 'public' segment from URL parts. {"original_parts":["public","assets","css","auth.css"]}
[2025-04-20 00:41:52] [DEBUG] Routing request {"controller":"assets","action":"css","params":["auth.css"],"original_url":"public\/assets\/css\/auth.css","method":"GET"}
[2025-04-20 00:41:52] [DEBUG] Comprobando autenticación para ruta: assets/css {"es_ruta_publica":false,"estado_sesion":"no autenticado"}
[2025-04-20 00:41:52] [DEBUG] Verificando autenticación: no hay usuario en sesión
[2025-04-20 00:41:52] [WARNING] Authentication required, redirecting to login. {"route":"assets\/css"}
[2025-04-20 00:41:52] [DEBUG] Mensaje flash establecido: Debe iniciar sesión para acceder a esta sección. (tipo: danger)
[2025-04-20 00:41:52] [INFO] Application bootstrap started.
[2025-04-20 00:41:52] [DEBUG] Session started. Session ID: u7k3d78svmn72j2ojuuo6kp968
[2025-04-20 00:41:52] [DEBUG] Routing request {"controller":"auth","action":"login","params":[],"original_url":"auth\/login","method":"GET"}
[2025-04-20 00:41:52] [DEBUG] Comprobando autenticación para ruta: auth/login {"es_ruta_publica":true,"estado_sesion":"no autenticado"}
[2025-04-20 00:41:52] [DEBUG] AuthController inicializado
[2025-04-20 00:41:52] [INFO] Dispatching to controller action. {"controller":"AuthController","action":"login"}
[2025-04-20 00:41:52] [DEBUG] Verificando autenticación: no hay usuario en sesión
[2025-04-20 00:41:52] [DEBUG] Token CSRF generado para formulario de login: b597c65f...
[2025-04-20 00:41:52] [INFO] Request handled successfully.
[2025-04-20 00:44:40] [INFO] Application bootstrap started.
[2025-04-20 00:44:40] [DEBUG] Session started. Session ID: u7k3d78svmn72j2ojuuo6kp968
[2025-04-20 00:44:40] [DEBUG] Adjusting route: Removing leading 'public' segment from URL parts. {"original_parts":["public","auth","authenticate"]}
[2025-04-20 00:44:40] [DEBUG] Routing request {"controller":"auth","action":"authenticate","params":[],"original_url":"public\/auth\/authenticate","method":"POST"}
[2025-04-20 00:44:40] [DEBUG] Comprobando autenticación para ruta: auth/authenticate {"es_ruta_publica":true,"estado_sesion":"no autenticado"}
[2025-04-20 00:44:40] [DEBUG] AuthController inicializado
[2025-04-20 00:44:40] [INFO] Dispatching to controller action. {"controller":"AuthController","action":"authenticate"}
[2025-04-20 00:44:40] [INFO] Iniciando proceso de autenticación
[2025-04-20 00:44:40] [DEBUG] Datos recibidos en POST: {"csrf_token":"b597c65fa36299e3eb8928fe23d9c308","login":"admin","password":"ADMIN123"}
[2025-04-20 00:44:40] [DEBUG] Verificando autenticación: no hay usuario en sesión
[2025-04-20 00:44:40] [DEBUG] Intentando autenticar usuario: admin
[2025-04-20 00:44:40] [DEBUG] Intentando autenticar usuario: admin
[2025-04-20 00:44:40] [DEBUG] Buscando usuario por login (email o username): admin
[2025-04-20 00:44:40] [DEBUG] Consulta SQL ejecutada {"sql":"SELECT * FROM users WHERE email = :email OR username = :username LIMIT 1","params":{":email":"admin",":username":"admin"},"execution_time":"0.96 ms"}
[2025-04-20 00:44:40] [WARNING] Undefined array key "id" en /var/www/html/b2b_conector/models/User.php línea 124 {"errno":2}
[2025-04-20 00:44:40] [WARNING] Undefined array key "password" en /var/www/html/b2b_conector/models/User.php línea 127 {"errno":2}
[2025-04-20 00:44:40] [WARNING] Undefined array key "created_at" en /var/www/html/b2b_conector/models/User.php línea 131 {"errno":2}
[2025-04-20 00:44:40] [WARNING] Undefined array key "updated_at" en /var/www/html/b2b_conector/models/User.php línea 132 {"errno":2}
[2025-04-20 00:44:40] [DEBUG] Usuario encontrado por login: admin
[2025-04-20 00:44:40] [DEBUG] Verificando contraseña para usuario: admin
[2025-04-20 00:44:40] [INFO] password_verify(): Passing null to parameter #2 ($hash) of type string is deprecated en /var/www/html/b2b_conector/utils/Security.php línea 20 {"errno":8192}
[2025-04-20 00:44:40] [WARNING] Contraseña incorrecta para usuario: admin
[2025-04-20 00:44:40] [INFO] Resultado de autenticación: fallido
[2025-04-20 00:44:40] [WARNING] Autenticación fallida para usuario: admin
[2025-04-20 00:44:40] [DEBUG] Mensaje flash establecido: Credenciales inválidas. Por favor, intente nuevamente (tipo: danger)
[2025-04-20 00:44:40] [DEBUG] Redirigiendo a: /b2b_conector/auth/login
[2025-04-20 00:44:40] [INFO] Application bootstrap started.
[2025-04-20 00:44:40] [DEBUG] Session started. Session ID: u7k3d78svmn72j2ojuuo6kp968
[2025-04-20 00:44:40] [DEBUG] Routing request {"controller":"auth","action":"login","params":[],"original_url":"auth\/login","method":"GET"}
[2025-04-20 00:44:40] [DEBUG] Comprobando autenticación para ruta: auth/login {"es_ruta_publica":true,"estado_sesion":"no autenticado"}
[2025-04-20 00:44:40] [DEBUG] AuthController inicializado
[2025-04-20 00:44:40] [INFO] Dispatching to controller action. {"controller":"AuthController","action":"login"}
[2025-04-20 00:44:40] [DEBUG] Verificando autenticación: no hay usuario en sesión
[2025-04-20 00:44:40] [DEBUG] Token CSRF generado para formulario de login: b597c65f...
[2025-04-20 00:44:40] [INFO] Request handled successfully.
[2025-04-20 00:44:41] [INFO] Application bootstrap started.
[2025-04-20 00:44:41] [DEBUG] Session started. Session ID: u7k3d78svmn72j2ojuuo6kp968
[2025-04-20 00:44:41] [DEBUG] Adjusting route: Removing leading 'public' segment from URL parts. {"original_parts":["public","assets","css","auth.css"]}
[2025-04-20 00:44:41] [DEBUG] Routing request {"controller":"assets","action":"css","params":["auth.css"],"original_url":"public\/assets\/css\/auth.css","method":"GET"}
[2025-04-20 00:44:41] [DEBUG] Comprobando autenticación para ruta: assets/css {"es_ruta_publica":false,"estado_sesion":"no autenticado"}
[2025-04-20 00:44:41] [DEBUG] Verificando autenticación: no hay usuario en sesión
[2025-04-20 00:44:41] [WARNING] Authentication required, redirecting to login. {"route":"assets\/css"}
[2025-04-20 00:44:41] [DEBUG] Mensaje flash establecido: Debe iniciar sesión para acceder a esta sección. (tipo: danger)
[2025-04-20 00:44:41] [INFO] Application bootstrap started.
[2025-04-20 00:44:41] [DEBUG] Session started. Session ID: u7k3d78svmn72j2ojuuo6kp968
[2025-04-20 00:44:41] [DEBUG] Routing request {"controller":"auth","action":"login","params":[],"original_url":"auth\/login","method":"GET"}
[2025-04-20 00:44:41] [DEBUG] Comprobando autenticación para ruta: auth/login {"es_ruta_publica":true,"estado_sesion":"no autenticado"}
[2025-04-20 00:44:41] [DEBUG] AuthController inicializado
[2025-04-20 00:44:41] [INFO] Dispatching to controller action. {"controller":"AuthController","action":"login"}
[2025-04-20 00:44:41] [DEBUG] Verificando autenticación: no hay usuario en sesión
[2025-04-20 00:44:41] [DEBUG] Token CSRF generado para formulario de login: b597c65f...
[2025-04-20 00:44:41] [INFO] Request handled successfully.
[2025-04-20 00:58:59] [INFO] Application bootstrap started.
[2025-04-20 00:58:59] [DEBUG] Session started. Session ID: u7k3d78svmn72j2ojuuo6kp968
[2025-04-20 00:58:59] [DEBUG] Routing request {"controller":"auth","action":"login","params":[],"original_url":"auth\/login","method":"GET"}
[2025-04-20 00:58:59] [DEBUG] Comprobando autenticación para ruta: auth/login {"es_ruta_publica":true,"estado_sesion":"no autenticado"}
[2025-04-20 00:58:59] [DEBUG] AuthController inicializado
[2025-04-20 00:58:59] [INFO] Dispatching to controller action. {"controller":"AuthController","action":"login"}
[2025-04-20 00:58:59] [DEBUG] Verificando autenticación: no hay usuario en sesión
[2025-04-20 00:58:59] [DEBUG] Token CSRF generado para formulario de login: b597c65f...
[2025-04-20 00:58:59] [INFO] Request handled successfully.
[2025-04-20 00:58:59] [INFO] Application bootstrap started.
[2025-04-20 00:58:59] [DEBUG] Session started. Session ID: u7k3d78svmn72j2ojuuo6kp968
[2025-04-20 00:58:59] [DEBUG] Adjusting route: Removing leading 'public' segment from URL parts. {"original_parts":["public","assets","css","auth.css"]}
[2025-04-20 00:58:59] [DEBUG] Routing request {"controller":"assets","action":"css","params":["auth.css"],"original_url":"public\/assets\/css\/auth.css","method":"GET"}
[2025-04-20 00:58:59] [DEBUG] Comprobando autenticación para ruta: assets/css {"es_ruta_publica":false,"estado_sesion":"no autenticado"}
[2025-04-20 00:58:59] [DEBUG] Verificando autenticación: no hay usuario en sesión
[2025-04-20 00:58:59] [WARNING] Authentication required, redirecting to login. {"route":"assets\/css"}
[2025-04-20 00:58:59] [DEBUG] Mensaje flash establecido: Debe iniciar sesión para acceder a esta sección. (tipo: danger)
[2025-04-20 00:58:59] [INFO] Application bootstrap started.
[2025-04-20 00:58:59] [DEBUG] Session started. Session ID: u7k3d78svmn72j2ojuuo6kp968
[2025-04-20 00:58:59] [DEBUG] Routing request {"controller":"auth","action":"login","params":[],"original_url":"auth\/login","method":"GET"}
[2025-04-20 00:58:59] [DEBUG] Comprobando autenticación para ruta: auth/login {"es_ruta_publica":true,"estado_sesion":"no autenticado"}
[2025-04-20 00:58:59] [DEBUG] AuthController inicializado
[2025-04-20 00:58:59] [INFO] Dispatching to controller action. {"controller":"AuthController","action":"login"}
[2025-04-20 00:58:59] [DEBUG] Verificando autenticación: no hay usuario en sesión
[2025-04-20 00:58:59] [DEBUG] Token CSRF generado para formulario de login: b597c65f...
[2025-04-20 00:58:59] [INFO] Request handled successfully.
[2025-04-20 00:59:05] [INFO] Application bootstrap started.
[2025-04-20 00:59:05] [DEBUG] Session started. Session ID: u7k3d78svmn72j2ojuuo6kp968
[2025-04-20 00:59:05] [DEBUG] Adjusting route: Removing leading 'public' segment from URL parts. {"original_parts":["public","auth","authenticate"]}
[2025-04-20 00:59:05] [DEBUG] Routing request {"controller":"auth","action":"authenticate","params":[],"original_url":"public\/auth\/authenticate","method":"POST"}
[2025-04-20 00:59:05] [DEBUG] Comprobando autenticación para ruta: auth/authenticate {"es_ruta_publica":true,"estado_sesion":"no autenticado"}
[2025-04-20 00:59:05] [DEBUG] AuthController inicializado
[2025-04-20 00:59:05] [INFO] Dispatching to controller action. {"controller":"AuthController","action":"authenticate"}
[2025-04-20 00:59:05] [INFO] Iniciando proceso de autenticación
[2025-04-20 00:59:05] [DEBUG] Datos recibidos en POST: {"csrf_token":"b597c65fa36299e3eb8928fe23d9c308","login":"admin","password":"admin123"}
[2025-04-20 00:59:05] [DEBUG] Verificando autenticación: no hay usuario en sesión
[2025-04-20 00:59:05] [DEBUG] Intentando autenticar usuario: admin
[2025-04-20 00:59:05] [DEBUG] Intentando autenticar usuario: admin
[2025-04-20 00:59:05] [DEBUG] Buscando usuario por login (email o username): admin
[2025-04-20 00:59:05] [DEBUG] Consulta SQL ejecutada {"sql":"SELECT * FROM users WHERE email = :email OR username = :username LIMIT 1","params":{":email":"admin",":username":"admin"},"execution_time":"0.85 ms"}
[2025-04-20 00:59:05] [DEBUG] Datos de usuario cargados {"id":null,"username":"admin","email":"admin@test.com","has_password":"no","role":"admin","is_active":1}
[2025-04-20 00:59:05] [DEBUG] Usuario encontrado por login: admin
[2025-04-20 00:59:05] [DEBUG] Verificando contraseña para usuario: admin
[2025-04-20 00:59:05] [WARNING] Contraseña incorrecta para usuario: admin
[2025-04-20 00:59:05] [INFO] Resultado de autenticación: fallido
[2025-04-20 00:59:05] [WARNING] Autenticación fallida para usuario: admin
[2025-04-20 00:59:05] [DEBUG] Mensaje flash establecido: Credenciales inválidas. Por favor, intente nuevamente (tipo: danger)
[2025-04-20 00:59:05] [DEBUG] Redirigiendo a: /b2b_conector/auth/login
[2025-04-20 00:59:05] [INFO] Application bootstrap started.
[2025-04-20 00:59:05] [DEBUG] Session started. Session ID: u7k3d78svmn72j2ojuuo6kp968
[2025-04-20 00:59:05] [DEBUG] Routing request {"controller":"auth","action":"login","params":[],"original_url":"auth\/login","method":"GET"}
[2025-04-20 00:59:05] [DEBUG] Comprobando autenticación para ruta: auth/login {"es_ruta_publica":true,"estado_sesion":"no autenticado"}
[2025-04-20 00:59:05] [DEBUG] AuthController inicializado
[2025-04-20 00:59:05] [INFO] Dispatching to controller action. {"controller":"AuthController","action":"login"}
[2025-04-20 00:59:05] [DEBUG] Verificando autenticación: no hay usuario en sesión
[2025-04-20 00:59:05] [DEBUG] Token CSRF generado para formulario de login: b597c65f...
[2025-04-20 00:59:05] [INFO] Request handled successfully.
[2025-04-20 00:59:05] [INFO] Application bootstrap started.
[2025-04-20 00:59:05] [DEBUG] Session started. Session ID: u7k3d78svmn72j2ojuuo6kp968
[2025-04-20 00:59:05] [DEBUG] Adjusting route: Removing leading 'public' segment from URL parts. {"original_parts":["public","assets","css","auth.css"]}
[2025-04-20 00:59:05] [DEBUG] Routing request {"controller":"assets","action":"css","params":["auth.css"],"original_url":"public\/assets\/css\/auth.css","method":"GET"}
[2025-04-20 00:59:05] [DEBUG] Comprobando autenticación para ruta: assets/css {"es_ruta_publica":false,"estado_sesion":"no autenticado"}
[2025-04-20 00:59:05] [DEBUG] Verificando autenticación: no hay usuario en sesión
[2025-04-20 00:59:05] [WARNING] Authentication required, redirecting to login. {"route":"assets\/css"}
[2025-04-20 00:59:05] [DEBUG] Mensaje flash establecido: Debe iniciar sesión para acceder a esta sección. (tipo: danger)
[2025-04-20 00:59:05] [INFO] Application bootstrap started.
[2025-04-20 00:59:05] [DEBUG] Session started. Session ID: u7k3d78svmn72j2ojuuo6kp968
[2025-04-20 00:59:05] [DEBUG] Routing request {"controller":"auth","action":"login","params":[],"original_url":"auth\/login","method":"GET"}
[2025-04-20 00:59:05] [DEBUG] Comprobando autenticación para ruta: auth/login {"es_ruta_publica":true,"estado_sesion":"no autenticado"}
[2025-04-20 00:59:05] [DEBUG] AuthController inicializado
[2025-04-20 00:59:05] [INFO] Dispatching to controller action. {"controller":"AuthController","action":"login"}
[2025-04-20 00:59:05] [DEBUG] Verificando autenticación: no hay usuario en sesión
[2025-04-20 00:59:05] [DEBUG] Token CSRF generado para formulario de login: b597c65f...
[2025-04-20 00:59:05] [INFO] Request handled successfully.
[2025-04-20 01:11:45] [INFO] Application bootstrap started.
[2025-04-20 01:11:45] [DEBUG] Session started. Session ID: u7k3d78svmn72j2ojuuo6kp968
[2025-04-20 01:11:45] [DEBUG] Routing request {"controller":"auth","action":"login","params":[],"original_url":"auth\/login","method":"GET"}
[2025-04-20 01:11:45] [DEBUG] Comprobando autenticación para ruta: auth/login {"es_ruta_publica":true,"estado_sesion":"no autenticado"}
[2025-04-20 01:11:45] [DEBUG] AuthController inicializado
[2025-04-20 01:11:45] [INFO] Dispatching to controller action. {"controller":"AuthController","action":"login"}
[2025-04-20 01:11:45] [DEBUG] Verificando autenticación: no hay usuario en sesión
[2025-04-20 01:11:45] [DEBUG] Token CSRF generado para formulario de login: b597c65f...
[2025-04-20 01:11:45] [INFO] Request handled successfully.
[2025-04-20 01:11:45] [INFO] Application bootstrap started.
[2025-04-20 01:11:46] [DEBUG] Session started. Session ID: u7k3d78svmn72j2ojuuo6kp968
[2025-04-20 01:11:46] [DEBUG] Adjusting route: Removing leading 'public' segment from URL parts. {"original_parts":["public","assets","css","auth.css"]}
[2025-04-20 01:11:46] [DEBUG] Routing request {"controller":"assets","action":"css","params":["auth.css"],"original_url":"public\/assets\/css\/auth.css","method":"GET"}
[2025-04-20 01:11:46] [DEBUG] Comprobando autenticación para ruta: assets/css {"es_ruta_publica":false,"estado_sesion":"no autenticado"}
[2025-04-20 01:11:46] [DEBUG] Verificando autenticación: no hay usuario en sesión
[2025-04-20 01:11:46] [WARNING] Authentication required, redirecting to login. {"route":"assets\/css"}
[2025-04-20 01:11:46] [DEBUG] Mensaje flash establecido: Debe iniciar sesión para acceder a esta sección. (tipo: danger)
[2025-04-20 01:11:46] [INFO] Application bootstrap started.
[2025-04-20 01:11:46] [DEBUG] Session started. Session ID: u7k3d78svmn72j2ojuuo6kp968
[2025-04-20 01:11:46] [DEBUG] Routing request {"controller":"auth","action":"login","params":[],"original_url":"auth\/login","method":"GET"}
[2025-04-20 01:11:46] [DEBUG] Comprobando autenticación para ruta: auth/login {"es_ruta_publica":true,"estado_sesion":"no autenticado"}
[2025-04-20 01:11:46] [DEBUG] AuthController inicializado
[2025-04-20 01:11:46] [INFO] Dispatching to controller action. {"controller":"AuthController","action":"login"}
[2025-04-20 01:11:46] [DEBUG] Verificando autenticación: no hay usuario en sesión
[2025-04-20 01:11:46] [DEBUG] Token CSRF generado para formulario de login: b597c65f...
[2025-04-20 01:11:46] [INFO] Request handled successfully.
[2025-04-20 01:11:54] [INFO] Application bootstrap started.
[2025-04-20 01:11:54] [DEBUG] Session started. Session ID: u7k3d78svmn72j2ojuuo6kp968
[2025-04-20 01:11:54] [DEBUG] Adjusting route: Removing leading 'public' segment from URL parts. {"original_parts":["public","auth","authenticate"]}
[2025-04-20 01:11:54] [DEBUG] Routing request {"controller":"auth","action":"authenticate","params":[],"original_url":"public\/auth\/authenticate","method":"POST"}
[2025-04-20 01:11:54] [DEBUG] Comprobando autenticación para ruta: auth/authenticate {"es_ruta_publica":true,"estado_sesion":"no autenticado"}
[2025-04-20 01:11:54] [DEBUG] AuthController inicializado
[2025-04-20 01:11:54] [INFO] Dispatching to controller action. {"controller":"AuthController","action":"authenticate"}
[2025-04-20 01:11:54] [INFO] Iniciando proceso de autenticación
[2025-04-20 01:11:54] [DEBUG] Datos recibidos en POST: {"csrf_token":"b597c65fa36299e3eb8928fe23d9c308","login":"admin","password":"admin123"}
[2025-04-20 01:11:54] [DEBUG] Verificando autenticación: no hay usuario en sesión
[2025-04-20 01:11:54] [DEBUG] Intentando autenticar usuario: admin
[2025-04-20 01:11:54] [DEBUG] Iniciando proceso de autenticación para: admin
[2025-04-20 01:11:54] [DEBUG] Buscando usuario por login: admin
[2025-04-20 01:11:54] [DEBUG] Consulta SQL ejecutada {"sql":"SELECT * FROM users WHERE email = :login_email OR username = :login_username LIMIT 1","params":{":login_email":"admin",":login_username":"admin"},"execution_time":"2.58 ms"}
[2025-04-20 01:11:54] [DEBUG] Datos de usuario cargados {"id":null,"username":"admin","email":"admin@test.com","has_password":"no","role":"admin","is_active":1}
[2025-04-20 01:11:54] [DEBUG] Usuario encontrado por login: admin
[2025-04-20 01:11:54] [ERROR] Usuario encontrado pero sin ID válido: admin
[2025-04-20 01:11:54] [INFO] Resultado de autenticación: fallido
[2025-04-20 01:11:54] [WARNING] Autenticación fallida para usuario: admin
[2025-04-20 01:11:54] [DEBUG] Mensaje flash establecido: Credenciales inválidas. Por favor, intente nuevamente (tipo: danger)
[2025-04-20 01:11:54] [DEBUG] Redirigiendo a: /b2b_conector/auth/login
[2025-04-20 01:11:54] [INFO] Application bootstrap started.
[2025-04-20 01:11:54] [DEBUG] Session started. Session ID: u7k3d78svmn72j2ojuuo6kp968
[2025-04-20 01:11:54] [DEBUG] Routing request {"controller":"auth","action":"login","params":[],"original_url":"auth\/login","method":"GET"}
[2025-04-20 01:11:54] [DEBUG] Comprobando autenticación para ruta: auth/login {"es_ruta_publica":true,"estado_sesion":"no autenticado"}
[2025-04-20 01:11:54] [DEBUG] AuthController inicializado
[2025-04-20 01:11:54] [INFO] Dispatching to controller action. {"controller":"AuthController","action":"login"}
[2025-04-20 01:11:54] [DEBUG] Verificando autenticación: no hay usuario en sesión
[2025-04-20 01:11:54] [DEBUG] Token CSRF generado para formulario de login: b597c65f...
[2025-04-20 01:11:54] [INFO] Request handled successfully.
[2025-04-20 01:11:54] [INFO] Application bootstrap started.
[2025-04-20 01:11:54] [DEBUG] Session started. Session ID: u7k3d78svmn72j2ojuuo6kp968
[2025-04-20 01:11:54] [DEBUG] Adjusting route: Removing leading 'public' segment from URL parts. {"original_parts":["public","assets","css","auth.css"]}
[2025-04-20 01:11:54] [DEBUG] Routing request {"controller":"assets","action":"css","params":["auth.css"],"original_url":"public\/assets\/css\/auth.css","method":"GET"}
[2025-04-20 01:11:54] [DEBUG] Comprobando autenticación para ruta: assets/css {"es_ruta_publica":false,"estado_sesion":"no autenticado"}
[2025-04-20 01:11:54] [DEBUG] Verificando autenticación: no hay usuario en sesión
[2025-04-20 01:11:54] [WARNING] Authentication required, redirecting to login. {"route":"assets\/css"}
[2025-04-20 01:11:54] [DEBUG] Mensaje flash establecido: Debe iniciar sesión para acceder a esta sección. (tipo: danger)
[2025-04-20 01:11:54] [INFO] Application bootstrap started.
[2025-04-20 01:11:54] [DEBUG] Session started. Session ID: u7k3d78svmn72j2ojuuo6kp968
[2025-04-20 01:11:54] [DEBUG] Routing request {"controller":"auth","action":"login","params":[],"original_url":"auth\/login","method":"GET"}
[2025-04-20 01:11:54] [DEBUG] Comprobando autenticación para ruta: auth/login {"es_ruta_publica":true,"estado_sesion":"no autenticado"}
[2025-04-20 01:11:54] [DEBUG] AuthController inicializado
[2025-04-20 01:11:54] [INFO] Dispatching to controller action. {"controller":"AuthController","action":"login"}
[2025-04-20 01:11:54] [DEBUG] Verificando autenticación: no hay usuario en sesión
[2025-04-20 01:11:54] [DEBUG] Token CSRF generado para formulario de login: b597c65f...
[2025-04-20 01:11:54] [INFO] Request handled successfully.
[2025-04-20 01:14:12] [INFO] Application bootstrap started.
[2025-04-20 01:14:12] [DEBUG] Session started. Session ID: u7k3d78svmn72j2ojuuo6kp968
[2025-04-20 01:14:12] [DEBUG] Adjusting route: Removing leading 'public' segment from URL parts. {"original_parts":["public","auth","authenticate"]}
[2025-04-20 01:14:12] [DEBUG] Routing request {"controller":"auth","action":"authenticate","params":[],"original_url":"public\/auth\/authenticate","method":"POST"}
[2025-04-20 01:14:12] [DEBUG] Comprobando autenticación para ruta: auth/authenticate {"es_ruta_publica":true,"estado_sesion":"no autenticado"}
[2025-04-20 01:14:12] [DEBUG] AuthController inicializado
[2025-04-20 01:14:12] [INFO] Dispatching to controller action. {"controller":"AuthController","action":"authenticate"}
[2025-04-20 01:14:12] [INFO] Iniciando proceso de autenticación
[2025-04-20 01:14:12] [DEBUG] Datos recibidos en POST: {"csrf_token":"b597c65fa36299e3eb8928fe23d9c308","login":"admin","password":"admin123"}
[2025-04-20 01:14:12] [DEBUG] Verificando autenticación: no hay usuario en sesión
[2025-04-20 01:14:12] [DEBUG] Intentando autenticar usuario: admin
[2025-04-20 01:14:12] [DEBUG] Iniciando proceso de autenticación para: admin
[2025-04-20 01:14:12] [DEBUG] Buscando usuario por login: admin
[2025-04-20 01:14:12] [DEBUG] Consulta SQL ejecutada {"sql":"SELECT * FROM users WHERE email = :login_email OR username = :login_username LIMIT 1","params":{":login_email":"admin",":login_username":"admin"},"execution_time":"0.9 ms"}
[2025-04-20 01:14:12] [DEBUG] Datos de usuario cargados {"id":null,"username":"admin","email":"admin@test.com","has_password":"no","role":"admin","is_active":1}
[2025-04-20 01:14:12] [DEBUG] Usuario encontrado por login: admin
[2025-04-20 01:14:12] [ERROR] Usuario encontrado pero sin ID válido: admin
[2025-04-20 01:14:12] [INFO] Resultado de autenticación: fallido
[2025-04-20 01:14:12] [WARNING] Autenticación fallida para usuario: admin
[2025-04-20 01:14:12] [DEBUG] Mensaje flash establecido: Credenciales inválidas. Por favor, intente nuevamente (tipo: danger)
[2025-04-20 01:14:12] [DEBUG] Redirigiendo a: /b2b_conector/auth/login
[2025-04-20 01:14:12] [INFO] Application bootstrap started.
[2025-04-20 01:14:12] [DEBUG] Session started. Session ID: u7k3d78svmn72j2ojuuo6kp968
[2025-04-20 01:14:12] [DEBUG] Routing request {"controller":"auth","action":"login","params":[],"original_url":"auth\/login","method":"GET"}
[2025-04-20 01:14:12] [DEBUG] Comprobando autenticación para ruta: auth/login {"es_ruta_publica":true,"estado_sesion":"no autenticado"}
[2025-04-20 01:14:12] [DEBUG] AuthController inicializado
[2025-04-20 01:14:12] [INFO] Dispatching to controller action. {"controller":"AuthController","action":"login"}
[2025-04-20 01:14:12] [DEBUG] Verificando autenticación: no hay usuario en sesión
[2025-04-20 01:14:12] [DEBUG] Token CSRF generado para formulario de login: b597c65f...
[2025-04-20 01:14:12] [INFO] Request handled successfully.
[2025-04-20 01:14:12] [INFO] Application bootstrap started.
[2025-04-20 01:14:12] [DEBUG] Session started. Session ID: u7k3d78svmn72j2ojuuo6kp968
[2025-04-20 01:14:12] [DEBUG] Adjusting route: Removing leading 'public' segment from URL parts. {"original_parts":["public","assets","css","auth.css"]}
[2025-04-20 01:14:12] [DEBUG] Routing request {"controller":"assets","action":"css","params":["auth.css"],"original_url":"public\/assets\/css\/auth.css","method":"GET"}
[2025-04-20 01:14:12] [DEBUG] Comprobando autenticación para ruta: assets/css {"es_ruta_publica":false,"estado_sesion":"no autenticado"}
[2025-04-20 01:14:12] [DEBUG] Verificando autenticación: no hay usuario en sesión
[2025-04-20 01:14:12] [WARNING] Authentication required, redirecting to login. {"route":"assets\/css"}
[2025-04-20 01:14:12] [DEBUG] Mensaje flash establecido: Debe iniciar sesión para acceder a esta sección. (tipo: danger)
[2025-04-20 01:14:12] [INFO] Application bootstrap started.
[2025-04-20 01:14:12] [DEBUG] Session started. Session ID: u7k3d78svmn72j2ojuuo6kp968
[2025-04-20 01:14:12] [DEBUG] Routing request {"controller":"auth","action":"login","params":[],"original_url":"auth\/login","method":"GET"}
[2025-04-20 01:14:12] [DEBUG] Comprobando autenticación para ruta: auth/login {"es_ruta_publica":true,"estado_sesion":"no autenticado"}
[2025-04-20 01:14:12] [DEBUG] AuthController inicializado
[2025-04-20 01:14:12] [INFO] Dispatching to controller action. {"controller":"AuthController","action":"login"}
[2025-04-20 01:14:12] [DEBUG] Verificando autenticación: no hay usuario en sesión
[2025-04-20 01:14:12] [DEBUG] Token CSRF generado para formulario de login: b597c65f...
[2025-04-20 01:14:12] [INFO] Request handled successfully.
[2025-04-20 01:29:46] [INFO] Application bootstrap started.
[2025-04-20 01:29:46] [DEBUG] Session started. Session ID: u7k3d78svmn72j2ojuuo6kp968
[2025-04-20 01:29:46] [DEBUG] Routing request {"controller":"auth","action":"login","params":[],"original_url":"auth\/login","method":"GET"}
[2025-04-20 01:29:46] [DEBUG] Comprobando autenticación para ruta: auth/login {"es_ruta_publica":true,"estado_sesion":"no autenticado"}
[2025-04-20 01:29:46] [DEBUG] AuthController inicializado
[2025-04-20 01:29:46] [INFO] Dispatching to controller action. {"controller":"AuthController","action":"login"}
[2025-04-20 01:29:46] [DEBUG] Verificando autenticación: no hay usuario en sesión
[2025-04-20 01:29:46] [DEBUG] Token CSRF generado para formulario de login: b597c65f...
[2025-04-20 01:29:46] [INFO] Request handled successfully.
[2025-04-20 01:29:46] [INFO] Application bootstrap started.
[2025-04-20 01:29:46] [DEBUG] Session started. Session ID: u7k3d78svmn72j2ojuuo6kp968
[2025-04-20 01:29:46] [DEBUG] Adjusting route: Removing leading 'public' segment from URL parts. {"original_parts":["public","assets","css","auth.css"]}
[2025-04-20 01:29:46] [DEBUG] Routing request {"controller":"assets","action":"css","params":["auth.css"],"original_url":"public\/assets\/css\/auth.css","method":"GET"}
[2025-04-20 01:29:46] [DEBUG] Comprobando autenticación para ruta: assets/css {"es_ruta_publica":false,"estado_sesion":"no autenticado"}
[2025-04-20 01:29:46] [DEBUG] Verificando autenticación: no hay usuario en sesión
[2025-04-20 01:29:46] [WARNING] Authentication required, redirecting to login. {"route":"assets\/css"}
[2025-04-20 01:29:46] [DEBUG] Mensaje flash establecido: Debe iniciar sesión para acceder a esta sección. (tipo: danger)
[2025-04-20 01:29:46] [INFO] Application bootstrap started.
[2025-04-20 01:29:46] [DEBUG] Session started. Session ID: u7k3d78svmn72j2ojuuo6kp968
[2025-04-20 01:29:46] [DEBUG] Routing request {"controller":"auth","action":"login","params":[],"original_url":"auth\/login","method":"GET"}
[2025-04-20 01:29:46] [DEBUG] Comprobando autenticación para ruta: auth/login {"es_ruta_publica":true,"estado_sesion":"no autenticado"}
[2025-04-20 01:29:46] [DEBUG] AuthController inicializado
[2025-04-20 01:29:46] [INFO] Dispatching to controller action. {"controller":"AuthController","action":"login"}
[2025-04-20 01:29:46] [DEBUG] Verificando autenticación: no hay usuario en sesión
[2025-04-20 01:29:46] [DEBUG] Token CSRF generado para formulario de login: b597c65f...
[2025-04-20 01:29:46] [INFO] Request handled successfully.
[2025-04-20 01:29:56] [INFO] Application bootstrap started.
[2025-04-20 01:29:56] [DEBUG] Session started. Session ID: u7k3d78svmn72j2ojuuo6kp968
[2025-04-20 01:29:56] [DEBUG] Adjusting route: Removing leading 'public' segment from URL parts. {"original_parts":["public","auth","authenticate"]}
[2025-04-20 01:29:56] [DEBUG] Routing request {"controller":"auth","action":"authenticate","params":[],"original_url":"public\/auth\/authenticate","method":"POST"}
[2025-04-20 01:29:56] [DEBUG] Comprobando autenticación para ruta: auth/authenticate {"es_ruta_publica":true,"estado_sesion":"no autenticado"}
[2025-04-20 01:29:56] [DEBUG] AuthController inicializado
[2025-04-20 01:29:56] [INFO] Dispatching to controller action. {"controller":"AuthController","action":"authenticate"}
[2025-04-20 01:29:56] [INFO] Iniciando proceso de autenticación
[2025-04-20 01:29:56] [DEBUG] Datos recibidos en POST: {"csrf_token":"b597c65fa36299e3eb8928fe23d9c308","login":"admin","password":"admin123"}
[2025-04-20 01:29:56] [DEBUG] Verificando autenticación: no hay usuario en sesión
[2025-04-20 01:29:56] [DEBUG] Intentando autenticar usuario: admin
[2025-04-20 01:29:56] [DEBUG] Iniciando proceso de autenticación para: admin
[2025-04-20 01:29:56] [DEBUG] Buscando usuario por login: admin
[2025-04-20 01:29:56] [DEBUG] Consulta SQL ejecutada {"sql":"SELECT user_id as id, username, email, password_hash as password, \n                     name, role, is_active, registration_date as created_at, \n                     registration_date as updated_at \n              FROM users \n              WHERE email = :login_email OR username = :login_username \n              LIMIT 1","params":{":login_email":"admin",":login_username":"admin"},"execution_time":"2.27 ms"}
[2025-04-20 01:29:56] [DEBUG] Datos de usuario cargados {"id":1,"username":"admin","email":"admin@test.com","has_password":"s\u00ed","role":"admin","is_active":1}
[2025-04-20 01:29:56] [DEBUG] Usuario encontrado por login: admin
[2025-04-20 01:29:56] [DEBUG] Verificando contraseña para usuario: admin (ID: 1)
[2025-04-20 01:29:56] [INFO] Autenticación exitosa para usuario: admin (ID: 1)
[2025-04-20 01:29:56] [INFO] Resultado de autenticación: éxito
[2025-04-20 01:29:56] [DEBUG] Autenticación exitosa, guardando datos de sesión
[2025-04-20 01:29:56] [DEBUG] Estado de sesión antes de regenerar: activa
[2025-04-20 01:29:56] [DEBUG] ID de sesión antes: u7k3d78svmn72j2ojuuo6kp968
[2025-04-20 01:29:56] [INFO] Iniciando regeneración de sesión
[2025-04-20 01:29:56] [DEBUG] Sesión activa, guardando datos actuales
[2025-04-20 01:29:56] [DEBUG] Regenerando ID de sesión
[2025-04-20 01:29:56] [DEBUG] Sesión regenerada, datos restaurados: ["csrf_token","form_data"]
[2025-04-20 01:29:56] [DEBUG] ID de sesión después: o4tlsoab0j0r10vtqcb4t6pfug
[2025-04-20 01:29:56] [ERROR] Error: Call to undefined method User::getId() en /var/www/html/b2b_conector/controllers/AuthController.php:125 {"trace":"#0 \/var\/www\/html\/b2b_conector\/public\/index.php(168): AuthController->authenticate()\n#1 {main}"}
[2025-04-20 01:29:56] [INFO] Application bootstrap started.
[2025-04-20 01:29:56] [DEBUG] Session started. Session ID: o4tlsoab0j0r10vtqcb4t6pfug
[2025-04-20 01:29:56] [DEBUG] Routing request {"controller":"assets","action":"css","params":["main.css"],"original_url":"assets\/css\/main.css","method":"GET"}
[2025-04-20 01:34:53] [INFO] Application bootstrap started.
[2025-04-20 01:34:53] [DEBUG] Session started. Session ID: o4tlsoab0j0r10vtqcb4t6pfug
[2025-04-20 01:34:53] [DEBUG] Adjusting route: Removing leading 'public' segment from URL parts. {"original_parts":["public","auth","authenticate"]}
[2025-04-20 01:34:53] [DEBUG] Routing request {"controller":"auth","action":"authenticate","params":[],"original_url":"public\/auth\/authenticate","method":"GET"}
[2025-04-20 01:34:53] [WARNING] Undefined variable $currentRoute en /var/www/html/b2b_conector/public/index.php línea 96 {"errno":2}
[2025-04-20 01:34:53] [INFO] strpos(): Passing null to parameter #1 ($haystack) of type string is deprecated en /var/www/html/b2b_conector/public/index.php línea 96 {"errno":8192}
[2025-04-20 01:34:53] [WARNING] Undefined variable $currentRoute en /var/www/html/b2b_conector/public/index.php línea 96 {"errno":2}
[2025-04-20 01:34:53] [INFO] strpos(): Passing null to parameter #1 ($haystack) of type string is deprecated en /var/www/html/b2b_conector/public/index.php línea 96 {"errno":8192}
[2025-04-20 01:34:53] [DEBUG] Comprobando autenticación para ruta: auth/authenticate {"es_ruta_publica":true,"estado_sesion":"no autenticado"}
[2025-04-20 01:34:53] [DEBUG] AuthController inicializado
[2025-04-20 01:34:53] [INFO] Dispatching to controller action. {"controller":"AuthController","action":"authenticate"}
[2025-04-20 01:34:53] [INFO] Iniciando proceso de autenticación
[2025-04-20 01:34:53] [DEBUG] Datos recibidos en POST: []
[2025-04-20 01:34:53] [DEBUG] Verificando autenticación: no hay usuario en sesión
[2025-04-20 01:34:53] [WARNING] Método de solicitud no permitido para autenticación: GET
[2025-04-20 01:34:53] [DEBUG] Redirigiendo a: /b2b_conector/auth/login
[2025-04-20 01:34:53] [INFO] Application bootstrap started.
[2025-04-20 01:34:53] [DEBUG] Session started. Session ID: o4tlsoab0j0r10vtqcb4t6pfug
[2025-04-20 01:34:53] [DEBUG] Routing request {"controller":"auth","action":"login","params":[],"original_url":"auth\/login","method":"GET"}
[2025-04-20 01:34:53] [WARNING] Undefined variable $currentRoute en /var/www/html/b2b_conector/public/index.php línea 96 {"errno":2}
[2025-04-20 01:34:53] [INFO] strpos(): Passing null to parameter #1 ($haystack) of type string is deprecated en /var/www/html/b2b_conector/public/index.php línea 96 {"errno":8192}
[2025-04-20 01:34:53] [WARNING] Undefined variable $currentRoute en /var/www/html/b2b_conector/public/index.php línea 96 {"errno":2}
[2025-04-20 01:34:53] [INFO] strpos(): Passing null to parameter #1 ($haystack) of type string is deprecated en /var/www/html/b2b_conector/public/index.php línea 96 {"errno":8192}
[2025-04-20 01:34:53] [DEBUG] Comprobando autenticación para ruta: auth/login {"es_ruta_publica":true,"estado_sesion":"no autenticado"}
[2025-04-20 01:34:53] [DEBUG] AuthController inicializado
[2025-04-20 01:34:53] [INFO] Dispatching to controller action. {"controller":"AuthController","action":"login"}
[2025-04-20 01:34:53] [DEBUG] Verificando autenticación: no hay usuario en sesión
[2025-04-20 01:34:53] [DEBUG] Token CSRF generado para formulario de login: b597c65f...
[2025-04-20 01:34:53] [INFO] Request handled successfully.
[2025-04-20 01:34:53] [INFO] Application bootstrap started.
[2025-04-20 01:34:53] [DEBUG] Session started. Session ID: o4tlsoab0j0r10vtqcb4t6pfug
[2025-04-20 01:34:53] [DEBUG] Adjusting route: Removing leading 'public' segment from URL parts. {"original_parts":["public","assets","css","auth.css"]}
[2025-04-20 01:34:53] [DEBUG] Routing request {"controller":"assets","action":"css","params":["auth.css"],"original_url":"public\/assets\/css\/auth.css","method":"GET"}
[2025-04-20 01:34:53] [WARNING] Undefined variable $currentRoute en /var/www/html/b2b_conector/public/index.php línea 96 {"errno":2}
[2025-04-20 01:34:53] [INFO] strpos(): Passing null to parameter #1 ($haystack) of type string is deprecated en /var/www/html/b2b_conector/public/index.php línea 96 {"errno":8192}
[2025-04-20 01:34:53] [WARNING] Undefined variable $currentRoute en /var/www/html/b2b_conector/public/index.php línea 96 {"errno":2}
[2025-04-20 01:34:53] [INFO] strpos(): Passing null to parameter #1 ($haystack) of type string is deprecated en /var/www/html/b2b_conector/public/index.php línea 96 {"errno":8192}
[2025-04-20 01:34:53] [DEBUG] Comprobando autenticación para ruta: assets/css {"es_ruta_publica":false,"estado_sesion":"no autenticado"}
[2025-04-20 01:34:53] [DEBUG] Verificando autenticación: no hay usuario en sesión
[2025-04-20 01:34:53] [WARNING] Authentication required, redirecting to login. {"route":"assets\/css"}
[2025-04-20 01:34:53] [DEBUG] Mensaje flash establecido: Debe iniciar sesión para acceder a esta sección. (tipo: danger)
[2025-04-20 01:34:53] [INFO] Application bootstrap started.
[2025-04-20 01:34:53] [DEBUG] Session started. Session ID: o4tlsoab0j0r10vtqcb4t6pfug
[2025-04-20 01:34:53] [DEBUG] Routing request {"controller":"auth","action":"login","params":[],"original_url":"auth\/login","method":"GET"}
[2025-04-20 01:34:53] [WARNING] Undefined variable $currentRoute en /var/www/html/b2b_conector/public/index.php línea 96 {"errno":2}
[2025-04-20 01:34:53] [INFO] strpos(): Passing null to parameter #1 ($haystack) of type string is deprecated en /var/www/html/b2b_conector/public/index.php línea 96 {"errno":8192}
[2025-04-20 01:34:53] [WARNING] Undefined variable $currentRoute en /var/www/html/b2b_conector/public/index.php línea 96 {"errno":2}
[2025-04-20 01:34:53] [INFO] strpos(): Passing null to parameter #1 ($haystack) of type string is deprecated en /var/www/html/b2b_conector/public/index.php línea 96 {"errno":8192}
[2025-04-20 01:34:53] [DEBUG] Comprobando autenticación para ruta: auth/login {"es_ruta_publica":true,"estado_sesion":"no autenticado"}
[2025-04-20 01:34:53] [DEBUG] AuthController inicializado
[2025-04-20 01:34:53] [INFO] Dispatching to controller action. {"controller":"AuthController","action":"login"}
[2025-04-20 01:34:53] [DEBUG] Verificando autenticación: no hay usuario en sesión
[2025-04-20 01:34:53] [DEBUG] Token CSRF generado para formulario de login: b597c65f...
[2025-04-20 01:34:53] [INFO] Request handled successfully.
[2025-04-20 01:34:59] [INFO] Application bootstrap started.
[2025-04-20 01:34:59] [DEBUG] Session started. Session ID: o4tlsoab0j0r10vtqcb4t6pfug
[2025-04-20 01:34:59] [DEBUG] Adjusting route: Removing leading 'public' segment from URL parts. {"original_parts":["public","auth","authenticate"]}
[2025-04-20 01:34:59] [DEBUG] Routing request {"controller":"auth","action":"authenticate","params":[],"original_url":"public\/auth\/authenticate","method":"POST"}
[2025-04-20 01:34:59] [WARNING] Undefined variable $currentRoute en /var/www/html/b2b_conector/public/index.php línea 96 {"errno":2}
[2025-04-20 01:34:59] [INFO] strpos(): Passing null to parameter #1 ($haystack) of type string is deprecated en /var/www/html/b2b_conector/public/index.php línea 96 {"errno":8192}
[2025-04-20 01:34:59] [WARNING] Undefined variable $currentRoute en /var/www/html/b2b_conector/public/index.php línea 96 {"errno":2}
[2025-04-20 01:34:59] [INFO] strpos(): Passing null to parameter #1 ($haystack) of type string is deprecated en /var/www/html/b2b_conector/public/index.php línea 96 {"errno":8192}
[2025-04-20 01:34:59] [DEBUG] Comprobando autenticación para ruta: auth/authenticate {"es_ruta_publica":true,"estado_sesion":"no autenticado"}
[2025-04-20 01:34:59] [DEBUG] AuthController inicializado
[2025-04-20 01:34:59] [INFO] Dispatching to controller action. {"controller":"AuthController","action":"authenticate"}
[2025-04-20 01:34:59] [INFO] Iniciando proceso de autenticación
[2025-04-20 01:34:59] [DEBUG] Datos recibidos en POST: {"csrf_token":"b597c65fa36299e3eb8928fe23d9c308","login":"admin","password":"admin123"}
[2025-04-20 01:34:59] [DEBUG] Verificando autenticación: no hay usuario en sesión
[2025-04-20 01:34:59] [DEBUG] Intentando autenticar usuario: admin
[2025-04-20 01:34:59] [DEBUG] Iniciando proceso de autenticación para: admin
[2025-04-20 01:34:59] [DEBUG] Buscando usuario por login: admin
[2025-04-20 01:34:59] [DEBUG] Consulta SQL ejecutada {"sql":"SELECT user_id as id, username, email, password_hash as password, \n                     name, role, is_active, registration_date as created_at, \n                     registration_date as updated_at \n              FROM users \n              WHERE email = :login_email OR username = :login_username \n              LIMIT 1","params":{":login_email":"admin",":login_username":"admin"},"execution_time":"0.51 ms"}
[2025-04-20 01:34:59] [DEBUG] Datos de usuario cargados {"id":1,"username":"admin","email":"admin@test.com","has_password":"s\u00ed","role":"admin","is_active":1}
[2025-04-20 01:34:59] [DEBUG] Usuario encontrado por login: admin
[2025-04-20 01:34:59] [DEBUG] Verificando contraseña para usuario: admin (ID: 1)
[2025-04-20 01:34:59] [INFO] Autenticación exitosa para usuario: admin (ID: 1)
[2025-04-20 01:34:59] [INFO] Resultado de autenticación: éxito
[2025-04-20 01:34:59] [DEBUG] Autenticación exitosa, guardando datos de sesión
[2025-04-20 01:34:59] [DEBUG] Estado de sesión antes de regenerar: activa
[2025-04-20 01:34:59] [DEBUG] ID de sesión antes: o4tlsoab0j0r10vtqcb4t6pfug
[2025-04-20 01:34:59] [INFO] Iniciando regeneración de sesión
[2025-04-20 01:34:59] [DEBUG] Sesión activa, guardando datos actuales
[2025-04-20 01:34:59] [DEBUG] Regenerando ID de sesión
[2025-04-20 01:34:59] [DEBUG] Sesión regenerada, datos restaurados: ["csrf_token","form_data"]
[2025-04-20 01:34:59] [DEBUG] ID de sesión después: 9qqfc2h8mpksea6lqhm724gei7
[2025-04-20 01:34:59] [ERROR] Error: Call to undefined method User::getId() en /var/www/html/b2b_conector/controllers/AuthController.php:125 {"trace":"#0 \/var\/www\/html\/b2b_conector\/public\/index.php(181): AuthController->authenticate()\n#1 {main}"}
[2025-04-20 01:34:59] [INFO] Application bootstrap started.
[2025-04-20 01:34:59] [DEBUG] Session started. Session ID: 9qqfc2h8mpksea6lqhm724gei7
[2025-04-20 01:34:59] [DEBUG] Routing request {"controller":"assets","action":"css","params":["main.css"],"original_url":"assets\/css\/main.css","method":"GET"}
[2025-04-20 01:34:59] [WARNING] Undefined variable $currentRoute en /var/www/html/b2b_conector/public/index.php línea 96 {"errno":2}
[2025-04-20 01:34:59] [INFO] strpos(): Passing null to parameter #1 ($haystack) of type string is deprecated en /var/www/html/b2b_conector/public/index.php línea 96 {"errno":8192}
[2025-04-20 01:34:59] [WARNING] Undefined variable $currentRoute en /var/www/html/b2b_conector/public/index.php línea 96 {"errno":2}
[2025-04-20 01:34:59] [INFO] strpos(): Passing null to parameter #1 ($haystack) of type string is deprecated en /var/www/html/b2b_conector/public/index.php línea 96 {"errno":8192}
[2025-04-20 01:40:28] [INFO] Application bootstrap started.
[2025-04-20 01:40:28] [DEBUG] Session started. Session ID: 9qqfc2h8mpksea6lqhm724gei7
[2025-04-20 01:40:28] [DEBUG] Adjusting route: Removing leading 'public' segment from URL parts. {"original_parts":["public","auth","authenticate"]}
[2025-04-20 01:40:28] [DEBUG] Routing request {"controller":"auth","action":"authenticate","params":[],"original_url":"public\/auth\/authenticate","method":"GET"}
[2025-04-20 01:40:28] [WARNING] Undefined variable $currentRoute en /var/www/html/b2b_conector/public/index.php línea 96 {"errno":2}
[2025-04-20 01:40:28] [INFO] strpos(): Passing null to parameter #1 ($haystack) of type string is deprecated en /var/www/html/b2b_conector/public/index.php línea 96 {"errno":8192}
[2025-04-20 01:40:28] [WARNING] Undefined variable $currentRoute en /var/www/html/b2b_conector/public/index.php línea 96 {"errno":2}
[2025-04-20 01:40:28] [INFO] strpos(): Passing null to parameter #1 ($haystack) of type string is deprecated en /var/www/html/b2b_conector/public/index.php línea 96 {"errno":8192}
[2025-04-20 01:40:28] [DEBUG] Comprobando autenticación para ruta: auth/authenticate {"es_ruta_publica":true,"estado_sesion":"no autenticado"}
[2025-04-20 01:40:28] [DEBUG] AuthController inicializado
[2025-04-20 01:40:28] [INFO] Dispatching to controller action. {"controller":"AuthController","action":"authenticate"}
[2025-04-20 01:40:28] [INFO] Iniciando proceso de autenticación
[2025-04-20 01:40:28] [DEBUG] Datos recibidos en POST: []
[2025-04-20 01:40:28] [DEBUG] Verificando autenticación: no hay usuario en sesión
[2025-04-20 01:40:28] [WARNING] Método de solicitud no permitido para autenticación: GET
[2025-04-20 01:40:28] [DEBUG] Redirigiendo a: /b2b_conector/auth/login
[2025-04-20 01:40:28] [INFO] Application bootstrap started.
[2025-04-20 01:40:28] [DEBUG] Session started. Session ID: 9qqfc2h8mpksea6lqhm724gei7
[2025-04-20 01:40:28] [DEBUG] Routing request {"controller":"auth","action":"login","params":[],"original_url":"auth\/login","method":"GET"}
[2025-04-20 01:40:28] [WARNING] Undefined variable $currentRoute en /var/www/html/b2b_conector/public/index.php línea 96 {"errno":2}
[2025-04-20 01:40:28] [INFO] strpos(): Passing null to parameter #1 ($haystack) of type string is deprecated en /var/www/html/b2b_conector/public/index.php línea 96 {"errno":8192}
[2025-04-20 01:40:28] [WARNING] Undefined variable $currentRoute en /var/www/html/b2b_conector/public/index.php línea 96 {"errno":2}
[2025-04-20 01:40:28] [INFO] strpos(): Passing null to parameter #1 ($haystack) of type string is deprecated en /var/www/html/b2b_conector/public/index.php línea 96 {"errno":8192}
[2025-04-20 01:40:28] [DEBUG] Comprobando autenticación para ruta: auth/login {"es_ruta_publica":true,"estado_sesion":"no autenticado"}
[2025-04-20 01:40:28] [DEBUG] AuthController inicializado
[2025-04-20 01:40:28] [INFO] Dispatching to controller action. {"controller":"AuthController","action":"login"}
[2025-04-20 01:40:28] [DEBUG] Verificando autenticación: no hay usuario en sesión
[2025-04-20 01:40:28] [DEBUG] Token CSRF generado para formulario de login: b597c65f...
[2025-04-20 01:40:28] [INFO] Request handled successfully.
[2025-04-20 01:40:28] [INFO] Application bootstrap started.
[2025-04-20 01:40:28] [DEBUG] Session started. Session ID: 9qqfc2h8mpksea6lqhm724gei7
[2025-04-20 01:40:28] [DEBUG] Adjusting route: Removing leading 'public' segment from URL parts. {"original_parts":["public","assets","css","auth.css"]}
[2025-04-20 01:40:28] [DEBUG] Routing request {"controller":"assets","action":"css","params":["auth.css"],"original_url":"public\/assets\/css\/auth.css","method":"GET"}
[2025-04-20 01:40:28] [WARNING] Undefined variable $currentRoute en /var/www/html/b2b_conector/public/index.php línea 96 {"errno":2}
[2025-04-20 01:40:28] [INFO] strpos(): Passing null to parameter #1 ($haystack) of type string is deprecated en /var/www/html/b2b_conector/public/index.php línea 96 {"errno":8192}
[2025-04-20 01:40:28] [WARNING] Undefined variable $currentRoute en /var/www/html/b2b_conector/public/index.php línea 96 {"errno":2}
[2025-04-20 01:40:28] [INFO] strpos(): Passing null to parameter #1 ($haystack) of type string is deprecated en /var/www/html/b2b_conector/public/index.php línea 96 {"errno":8192}
[2025-04-20 01:40:28] [DEBUG] Comprobando autenticación para ruta: assets/css {"es_ruta_publica":false,"estado_sesion":"no autenticado"}
[2025-04-20 01:40:28] [DEBUG] Verificando autenticación: no hay usuario en sesión
[2025-04-20 01:40:28] [WARNING] Authentication required, redirecting to login. {"route":"assets\/css"}
[2025-04-20 01:40:28] [DEBUG] Mensaje flash establecido: Debe iniciar sesión para acceder a esta sección. (tipo: danger)
[2025-04-20 01:40:28] [INFO] Application bootstrap started.
[2025-04-20 01:40:28] [DEBUG] Session started. Session ID: 9qqfc2h8mpksea6lqhm724gei7
[2025-04-20 01:40:28] [DEBUG] Routing request {"controller":"auth","action":"login","params":[],"original_url":"auth\/login","method":"GET"}
[2025-04-20 01:40:28] [WARNING] Undefined variable $currentRoute en /var/www/html/b2b_conector/public/index.php línea 96 {"errno":2}
[2025-04-20 01:40:28] [INFO] strpos(): Passing null to parameter #1 ($haystack) of type string is deprecated en /var/www/html/b2b_conector/public/index.php línea 96 {"errno":8192}
[2025-04-20 01:40:28] [WARNING] Undefined variable $currentRoute en /var/www/html/b2b_conector/public/index.php línea 96 {"errno":2}
[2025-04-20 01:40:28] [INFO] strpos(): Passing null to parameter #1 ($haystack) of type string is deprecated en /var/www/html/b2b_conector/public/index.php línea 96 {"errno":8192}
[2025-04-20 01:40:28] [DEBUG] Comprobando autenticación para ruta: auth/login {"es_ruta_publica":true,"estado_sesion":"no autenticado"}
[2025-04-20 01:40:28] [DEBUG] AuthController inicializado
[2025-04-20 01:40:28] [INFO] Dispatching to controller action. {"controller":"AuthController","action":"login"}
[2025-04-20 01:40:28] [DEBUG] Verificando autenticación: no hay usuario en sesión
[2025-04-20 01:40:28] [DEBUG] Token CSRF generado para formulario de login: b597c65f...
[2025-04-20 01:40:28] [INFO] Request handled successfully.
[2025-04-20 01:40:38] [INFO] Application bootstrap started.
[2025-04-20 01:40:38] [DEBUG] Session started. Session ID: 9qqfc2h8mpksea6lqhm724gei7
[2025-04-20 01:40:38] [DEBUG] Adjusting route: Removing leading 'public' segment from URL parts. {"original_parts":["public","auth","authenticate"]}
[2025-04-20 01:40:38] [DEBUG] Routing request {"controller":"auth","action":"authenticate","params":[],"original_url":"public\/auth\/authenticate","method":"POST"}
[2025-04-20 01:40:38] [WARNING] Undefined variable $currentRoute en /var/www/html/b2b_conector/public/index.php línea 96 {"errno":2}
[2025-04-20 01:40:38] [INFO] strpos(): Passing null to parameter #1 ($haystack) of type string is deprecated en /var/www/html/b2b_conector/public/index.php línea 96 {"errno":8192}
[2025-04-20 01:40:38] [WARNING] Undefined variable $currentRoute en /var/www/html/b2b_conector/public/index.php línea 96 {"errno":2}
[2025-04-20 01:40:38] [INFO] strpos(): Passing null to parameter #1 ($haystack) of type string is deprecated en /var/www/html/b2b_conector/public/index.php línea 96 {"errno":8192}
[2025-04-20 01:40:38] [DEBUG] Comprobando autenticación para ruta: auth/authenticate {"es_ruta_publica":true,"estado_sesion":"no autenticado"}
[2025-04-20 01:40:38] [DEBUG] AuthController inicializado
[2025-04-20 01:40:38] [INFO] Dispatching to controller action. {"controller":"AuthController","action":"authenticate"}
[2025-04-20 01:40:38] [INFO] Iniciando proceso de autenticación
[2025-04-20 01:40:38] [DEBUG] Datos recibidos en POST: {"csrf_token":"b597c65fa36299e3eb8928fe23d9c308","login":"admin","password":"admin123"}
[2025-04-20 01:40:38] [DEBUG] Verificando autenticación: no hay usuario en sesión
[2025-04-20 01:40:38] [DEBUG] Intentando autenticar usuario: admin
[2025-04-20 01:40:38] [DEBUG] Iniciando proceso de autenticación para: admin
[2025-04-20 01:40:38] [DEBUG] Buscando usuario por login: admin
[2025-04-20 01:40:38] [DEBUG] Consulta SQL ejecutada {"sql":"SELECT user_id as id, username, email, password_hash as password, \n                     name, role, is_active, registration_date as created_at, \n                     registration_date as updated_at \n              FROM users \n              WHERE email = :login_email OR username = :login_username \n              LIMIT 1","params":{":login_email":"admin",":login_username":"admin"},"execution_time":"0.34 ms"}
[2025-04-20 01:40:38] [DEBUG] Datos de usuario cargados {"id":1,"username":"admin","email":"admin@test.com","has_password":"s\u00ed","role":"admin","is_active":1}
[2025-04-20 01:40:38] [DEBUG] Usuario encontrado por login: admin
[2025-04-20 01:40:38] [DEBUG] Verificando contraseña para usuario: admin (ID: 1)
[2025-04-20 01:40:38] [INFO] Autenticación exitosa para usuario: admin (ID: 1)
[2025-04-20 01:40:38] [INFO] Resultado de autenticación: éxito
[2025-04-20 01:40:38] [DEBUG] Autenticación exitosa, guardando datos de sesión
[2025-04-20 01:40:38] [DEBUG] Estado de sesión antes de regenerar: activa
[2025-04-20 01:40:38] [DEBUG] ID de sesión antes: 9qqfc2h8mpksea6lqhm724gei7
[2025-04-20 01:40:38] [INFO] Iniciando regeneración de sesión
[2025-04-20 01:40:38] [DEBUG] Sesión activa, guardando datos actuales
[2025-04-20 01:40:38] [DEBUG] Regenerando ID de sesión
[2025-04-20 01:40:38] [DEBUG] Sesión regenerada, datos restaurados: ["csrf_token","form_data"]
[2025-04-20 01:40:38] [DEBUG] ID de sesión después: lrbuui3bavka5gdh7jlpt9fv1p
[2025-04-20 01:40:38] [DEBUG] Datos de sesión guardados: {"user_id":1,"username":"admin","name":"Administrador de Prueba","role":"admin"}
[2025-04-20 01:40:38] [INFO] Redirigiendo a: /b2b_conector/dashboard
[2025-04-20 01:40:38] [DEBUG] Mensaje flash establecido: Inicio de sesión exitoso. Bienvenido(a) Administrador de Prueba (tipo: success)
[2025-04-20 01:40:38] [DEBUG] Redirigiendo a: /b2b_conector/dashboard
[2025-04-20 01:40:38] [INFO] Application bootstrap started.
[2025-04-20 01:40:38] [DEBUG] Session started. Session ID: lrbuui3bavka5gdh7jlpt9fv1p
[2025-04-20 01:40:38] [DEBUG] Routing request {"controller":"dashboard","action":"login","params":[],"original_url":"dashboard","method":"GET"}
[2025-04-20 01:40:38] [WARNING] Undefined variable $currentRoute en /var/www/html/b2b_conector/public/index.php línea 96 {"errno":2}
[2025-04-20 01:40:38] [INFO] strpos(): Passing null to parameter #1 ($haystack) of type string is deprecated en /var/www/html/b2b_conector/public/index.php línea 96 {"errno":8192}
[2025-04-20 01:40:38] [WARNING] Undefined variable $currentRoute en /var/www/html/b2b_conector/public/index.php línea 96 {"errno":2}
[2025-04-20 01:40:38] [INFO] strpos(): Passing null to parameter #1 ($haystack) of type string is deprecated en /var/www/html/b2b_conector/public/index.php línea 96 {"errno":8192}
[2025-04-20 01:40:38] [DEBUG] Comprobando autenticación para ruta: dashboard/login {"es_ruta_publica":false,"estado_sesion":"autenticado"}
[2025-04-20 01:40:38] [DEBUG] Verificando autenticación: usuario en sesión
[2025-04-20 01:40:38] [INFO] Prueba de log info desde DashboardController
[2025-04-20 01:40:38] [INFO] Iniciando DashboardController
[2025-04-20 01:40:38] [DEBUG] Estado de sesión: activa
[2025-04-20 01:40:38] [DEBUG] ID de sesión: lrbuui3bavka5gdh7jlpt9fv1p
[2025-04-20 01:40:38] [DEBUG] Datos de sesión: {"csrf_token":"b597c65fa36299e3eb8928fe23d9c308","form_data":{"login":"admin"},"user_id":1,"username":"admin","name":"Administrador de Prueba","role":"admin","flash_messages":{"success":["Inicio de sesi\u00f3n exitoso. Bienvenido(a) Administrador de Prueba"]}}
[2025-04-20 01:40:38] [DEBUG] Verificando autenticación: usuario en sesión
[2025-04-20 01:40:38] [DEBUG] Verificando autenticación. isAuthenticated(): true
[2025-04-20 01:40:38] [DEBUG] Verificando autenticación: usuario en sesión
[2025-04-20 01:40:38] [INFO] Usuario autenticado, continuando...
[2025-04-20 01:40:38] [ERROR] Action not found in controller. {"controller":"DashboardController","action":"login"}
[2025-04-20 01:46:59] [INFO] Application bootstrap started.
[2025-04-20 01:46:59] [DEBUG] Session started. Session ID: lrbuui3bavka5gdh7jlpt9fv1p
[2025-04-20 01:46:59] [WARNING] Undefined variable $params en /var/www/html/b2b_conector/public/index.php línea 64 {"errno":2}
[2025-04-20 01:46:59] [DEBUG] Routing request {"controller":"dashboard","action":"index","params":null,"original_url":"dashboard","method":"GET"}
[2025-04-20 01:46:59] [WARNING] Undefined variable $currentRoute en /var/www/html/b2b_conector/public/index.php línea 103 {"errno":2}
[2025-04-20 01:46:59] [INFO] strpos(): Passing null to parameter #1 ($haystack) of type string is deprecated en /var/www/html/b2b_conector/public/index.php línea 103 {"errno":8192}
[2025-04-20 01:46:59] [WARNING] Undefined variable $currentRoute en /var/www/html/b2b_conector/public/index.php línea 103 {"errno":2}
[2025-04-20 01:46:59] [INFO] strpos(): Passing null to parameter #1 ($haystack) of type string is deprecated en /var/www/html/b2b_conector/public/index.php línea 103 {"errno":8192}
[2025-04-20 01:46:59] [DEBUG] Comprobando autenticación para ruta: dashboard/index {"es_ruta_publica":false,"estado_sesion":"autenticado"}
[2025-04-20 01:46:59] [DEBUG] Verificando autenticación: usuario en sesión
[2025-04-20 01:46:59] [INFO] Prueba de log info desde DashboardController
[2025-04-20 01:46:59] [INFO] Iniciando DashboardController
[2025-04-20 01:46:59] [DEBUG] Estado de sesión: activa
[2025-04-20 01:46:59] [DEBUG] ID de sesión: lrbuui3bavka5gdh7jlpt9fv1p
[2025-04-20 01:46:59] [DEBUG] Datos de sesión: {"csrf_token":"b597c65fa36299e3eb8928fe23d9c308","form_data":{"login":"admin"},"user_id":1,"username":"admin","name":"Administrador de Prueba","role":"admin","flash_messages":{"success":["Inicio de sesi\u00f3n exitoso. Bienvenido(a) Administrador de Prueba"]}}
[2025-04-20 01:46:59] [DEBUG] Verificando autenticación: usuario en sesión
[2025-04-20 01:46:59] [DEBUG] Verificando autenticación. isAuthenticated(): true
[2025-04-20 01:46:59] [DEBUG] Verificando autenticación: usuario en sesión
[2025-04-20 01:46:59] [INFO] Usuario autenticado, continuando...
[2025-04-20 01:46:59] [INFO] Dispatching to controller action. {"controller":"DashboardController","action":"index"}
[2025-04-20 01:46:59] [WARNING] Undefined variable $params en /var/www/html/b2b_conector/public/index.php línea 188 {"errno":2}
[2025-04-20 01:46:59] [ERROR] TypeError: call_user_func_array(): Argument #2 ($args) must be of type array, null given en /var/www/html/b2b_conector/public/index.php:188 {"trace":"#0 {main}"}
[2025-04-20 01:46:59] [INFO] Application bootstrap started.
[2025-04-20 01:46:59] [DEBUG] Session started. Session ID: lrbuui3bavka5gdh7jlpt9fv1p
[2025-04-20 01:46:59] [WARNING] Undefined variable $params en /var/www/html/b2b_conector/public/index.php línea 64 {"errno":2}
[2025-04-20 01:46:59] [DEBUG] Routing request {"controller":"assets","action":"css","params":null,"original_url":"assets\/css\/main.css","method":"GET"}
[2025-04-20 01:46:59] [WARNING] Undefined variable $currentRoute en /var/www/html/b2b_conector/public/index.php línea 103 {"errno":2}
[2025-04-20 01:46:59] [INFO] strpos(): Passing null to parameter #1 ($haystack) of type string is deprecated en /var/www/html/b2b_conector/public/index.php línea 103 {"errno":8192}
[2025-04-20 01:46:59] [WARNING] Undefined variable $currentRoute en /var/www/html/b2b_conector/public/index.php línea 103 {"errno":2}
[2025-04-20 01:46:59] [INFO] strpos(): Passing null to parameter #1 ($haystack) of type string is deprecated en /var/www/html/b2b_conector/public/index.php línea 103 {"errno":8192}
[2025-04-20 01:47:02] [INFO] Application bootstrap started.
[2025-04-20 01:47:02] [DEBUG] Session started. Session ID: lrbuui3bavka5gdh7jlpt9fv1p
[2025-04-20 01:47:02] [WARNING] Undefined variable $params en /var/www/html/b2b_conector/public/index.php línea 64 {"errno":2}
[2025-04-20 01:47:02] [DEBUG] Routing request {"controller":"auth","action":"login","params":null,"original_url":"auth\/login","method":"GET"}
[2025-04-20 01:47:02] [WARNING] Undefined variable $currentRoute en /var/www/html/b2b_conector/public/index.php línea 103 {"errno":2}
[2025-04-20 01:47:02] [INFO] strpos(): Passing null to parameter #1 ($haystack) of type string is deprecated en /var/www/html/b2b_conector/public/index.php línea 103 {"errno":8192}
[2025-04-20 01:47:02] [WARNING] Undefined variable $currentRoute en /var/www/html/b2b_conector/public/index.php línea 103 {"errno":2}
[2025-04-20 01:47:02] [INFO] strpos(): Passing null to parameter #1 ($haystack) of type string is deprecated en /var/www/html/b2b_conector/public/index.php línea 103 {"errno":8192}
[2025-04-20 01:47:02] [DEBUG] Comprobando autenticación para ruta: auth/login {"es_ruta_publica":true,"estado_sesion":"autenticado"}
[2025-04-20 01:47:02] [DEBUG] AuthController inicializado
[2025-04-20 01:47:02] [INFO] Dispatching to controller action. {"controller":"AuthController","action":"login"}
[2025-04-20 01:47:02] [WARNING] Undefined variable $params en /var/www/html/b2b_conector/public/index.php línea 188 {"errno":2}
[2025-04-20 01:47:02] [ERROR] TypeError: call_user_func_array(): Argument #2 ($args) must be of type array, null given en /var/www/html/b2b_conector/public/index.php:188 {"trace":"#0 {main}"}
[2025-04-20 01:47:02] [INFO] Application bootstrap started.
[2025-04-20 01:47:02] [DEBUG] Session started. Session ID: lrbuui3bavka5gdh7jlpt9fv1p
[2025-04-20 01:47:02] [WARNING] Undefined variable $params en /var/www/html/b2b_conector/public/index.php línea 64 {"errno":2}
[2025-04-20 01:47:02] [DEBUG] Routing request {"controller":"assets","action":"css","params":null,"original_url":"assets\/css\/main.css","method":"GET"}
[2025-04-20 01:47:02] [WARNING] Undefined variable $currentRoute en /var/www/html/b2b_conector/public/index.php línea 103 {"errno":2}
[2025-04-20 01:47:02] [INFO] strpos(): Passing null to parameter #1 ($haystack) of type string is deprecated en /var/www/html/b2b_conector/public/index.php línea 103 {"errno":8192}
[2025-04-20 01:47:02] [WARNING] Undefined variable $currentRoute en /var/www/html/b2b_conector/public/index.php línea 103 {"errno":2}
[2025-04-20 01:47:02] [INFO] strpos(): Passing null to parameter #1 ($haystack) of type string is deprecated en /var/www/html/b2b_conector/public/index.php línea 103 {"errno":8192}
[2025-04-20 01:47:05] [INFO] Application bootstrap started.
[2025-04-20 01:47:05] [DEBUG] Session started. Session ID: lrbuui3bavka5gdh7jlpt9fv1p
[2025-04-20 01:47:05] [WARNING] Undefined variable $params en /var/www/html/b2b_conector/public/index.php línea 64 {"errno":2}
[2025-04-20 01:47:05] [DEBUG] Routing request {"controller":"auth","action":"login","params":null,"original_url":"auth\/login","method":"GET"}
[2025-04-20 01:47:05] [WARNING] Undefined variable $currentRoute en /var/www/html/b2b_conector/public/index.php línea 103 {"errno":2}
[2025-04-20 01:47:05] [INFO] strpos(): Passing null to parameter #1 ($haystack) of type string is deprecated en /var/www/html/b2b_conector/public/index.php línea 103 {"errno":8192}
[2025-04-20 01:47:05] [WARNING] Undefined variable $currentRoute en /var/www/html/b2b_conector/public/index.php línea 103 {"errno":2}
[2025-04-20 01:47:05] [INFO] strpos(): Passing null to parameter #1 ($haystack) of type string is deprecated en /var/www/html/b2b_conector/public/index.php línea 103 {"errno":8192}
[2025-04-20 01:47:05] [DEBUG] Comprobando autenticación para ruta: auth/login {"es_ruta_publica":true,"estado_sesion":"autenticado"}
[2025-04-20 01:47:05] [DEBUG] AuthController inicializado
[2025-04-20 01:47:05] [INFO] Dispatching to controller action. {"controller":"AuthController","action":"login"}
[2025-04-20 01:47:05] [WARNING] Undefined variable $params en /var/www/html/b2b_conector/public/index.php línea 188 {"errno":2}
[2025-04-20 01:47:05] [ERROR] TypeError: call_user_func_array(): Argument #2 ($args) must be of type array, null given en /var/www/html/b2b_conector/public/index.php:188 {"trace":"#0 {main}"}
[2025-04-20 01:47:05] [INFO] Application bootstrap started.
[2025-04-20 01:47:05] [DEBUG] Session started. Session ID: lrbuui3bavka5gdh7jlpt9fv1p
[2025-04-20 01:47:05] [WARNING] Undefined variable $params en /var/www/html/b2b_conector/public/index.php línea 64 {"errno":2}
[2025-04-20 01:47:05] [DEBUG] Routing request {"controller":"assets","action":"css","params":null,"original_url":"assets\/css\/main.css","method":"GET"}
[2025-04-20 01:47:05] [WARNING] Undefined variable $currentRoute en /var/www/html/b2b_conector/public/index.php línea 103 {"errno":2}
[2025-04-20 01:47:05] [INFO] strpos(): Passing null to parameter #1 ($haystack) of type string is deprecated en /var/www/html/b2b_conector/public/index.php línea 103 {"errno":8192}
[2025-04-20 01:47:05] [WARNING] Undefined variable $currentRoute en /var/www/html/b2b_conector/public/index.php línea 103 {"errno":2}
[2025-04-20 01:47:05] [INFO] strpos(): Passing null to parameter #1 ($haystack) of type string is deprecated en /var/www/html/b2b_conector/public/index.php línea 103 {"errno":8192}
[2025-04-20 01:47:09] [INFO] Application bootstrap started.
[2025-04-20 01:47:09] [DEBUG] Session started. Session ID: lrbuui3bavka5gdh7jlpt9fv1p
[2025-04-20 01:47:09] [WARNING] Undefined variable $params en /var/www/html/b2b_conector/public/index.php línea 64 {"errno":2}
[2025-04-20 01:47:09] [DEBUG] Routing request {"controller":"dashboard","action":"index","params":null,"original_url":"dashboard","method":"GET"}
[2025-04-20 01:47:09] [WARNING] Undefined variable $currentRoute en /var/www/html/b2b_conector/public/index.php línea 103 {"errno":2}
[2025-04-20 01:47:09] [INFO] strpos(): Passing null to parameter #1 ($haystack) of type string is deprecated en /var/www/html/b2b_conector/public/index.php línea 103 {"errno":8192}
[2025-04-20 01:47:09] [WARNING] Undefined variable $currentRoute en /var/www/html/b2b_conector/public/index.php línea 103 {"errno":2}
[2025-04-20 01:47:09] [INFO] strpos(): Passing null to parameter #1 ($haystack) of type string is deprecated en /var/www/html/b2b_conector/public/index.php línea 103 {"errno":8192}
[2025-04-20 01:47:09] [DEBUG] Comprobando autenticación para ruta: dashboard/index {"es_ruta_publica":false,"estado_sesion":"autenticado"}
[2025-04-20 01:47:09] [DEBUG] Verificando autenticación: usuario en sesión
[2025-04-20 01:47:09] [INFO] Prueba de log info desde DashboardController
[2025-04-20 01:47:09] [INFO] Iniciando DashboardController
[2025-04-20 01:47:09] [DEBUG] Estado de sesión: activa
[2025-04-20 01:47:09] [DEBUG] ID de sesión: lrbuui3bavka5gdh7jlpt9fv1p
[2025-04-20 01:47:09] [DEBUG] Datos de sesión: {"csrf_token":"b597c65fa36299e3eb8928fe23d9c308","form_data":{"login":"admin"},"user_id":1,"username":"admin","name":"Administrador de Prueba","role":"admin","flash_messages":{"success":["Inicio de sesi\u00f3n exitoso. Bienvenido(a) Administrador de Prueba"]}}
[2025-04-20 01:47:09] [DEBUG] Verificando autenticación: usuario en sesión
[2025-04-20 01:47:09] [DEBUG] Verificando autenticación. isAuthenticated(): true
[2025-04-20 01:47:09] [DEBUG] Verificando autenticación: usuario en sesión
[2025-04-20 01:47:09] [INFO] Usuario autenticado, continuando...
[2025-04-20 01:47:09] [INFO] Dispatching to controller action. {"controller":"DashboardController","action":"index"}
[2025-04-20 01:47:09] [WARNING] Undefined variable $params en /var/www/html/b2b_conector/public/index.php línea 188 {"errno":2}
[2025-04-20 01:47:09] [ERROR] TypeError: call_user_func_array(): Argument #2 ($args) must be of type array, null given en /var/www/html/b2b_conector/public/index.php:188 {"trace":"#0 {main}"}
[2025-04-20 01:47:10] [INFO] Application bootstrap started.
[2025-04-20 01:47:10] [DEBUG] Session started. Session ID: lrbuui3bavka5gdh7jlpt9fv1p
[2025-04-20 01:47:10] [WARNING] Undefined variable $params en /var/www/html/b2b_conector/public/index.php línea 64 {"errno":2}
[2025-04-20 01:47:10] [DEBUG] Routing request {"controller":"assets","action":"css","params":null,"original_url":"assets\/css\/main.css","method":"GET"}
[2025-04-20 01:47:10] [WARNING] Undefined variable $currentRoute en /var/www/html/b2b_conector/public/index.php línea 103 {"errno":2}
[2025-04-20 01:47:10] [INFO] strpos(): Passing null to parameter #1 ($haystack) of type string is deprecated en /var/www/html/b2b_conector/public/index.php línea 103 {"errno":8192}
[2025-04-20 01:47:10] [WARNING] Undefined variable $currentRoute en /var/www/html/b2b_conector/public/index.php línea 103 {"errno":2}
[2025-04-20 01:47:10] [INFO] strpos(): Passing null to parameter #1 ($haystack) of type string is deprecated en /var/www/html/b2b_conector/public/index.php línea 103 {"errno":8192}
[2025-04-20 01:47:12] [INFO] Application bootstrap started.
[2025-04-20 01:47:12] [DEBUG] Session started. Session ID: lrbuui3bavka5gdh7jlpt9fv1p
[2025-04-20 01:47:12] [WARNING] Undefined variable $params en /var/www/html/b2b_conector/public/index.php línea 64 {"errno":2}
[2025-04-20 01:47:12] [DEBUG] Routing request {"controller":"dashboard","action":"index","params":null,"original_url":"dashboard","method":"GET"}
[2025-04-20 01:47:12] [WARNING] Undefined variable $currentRoute en /var/www/html/b2b_conector/public/index.php línea 103 {"errno":2}
[2025-04-20 01:47:12] [INFO] strpos(): Passing null to parameter #1 ($haystack) of type string is deprecated en /var/www/html/b2b_conector/public/index.php línea 103 {"errno":8192}
[2025-04-20 01:47:12] [WARNING] Undefined variable $currentRoute en /var/www/html/b2b_conector/public/index.php línea 103 {"errno":2}
[2025-04-20 01:47:12] [INFO] strpos(): Passing null to parameter #1 ($haystack) of type string is deprecated en /var/www/html/b2b_conector/public/index.php línea 103 {"errno":8192}
[2025-04-20 01:47:12] [DEBUG] Comprobando autenticación para ruta: dashboard/index {"es_ruta_publica":false,"estado_sesion":"autenticado"}
[2025-04-20 01:47:12] [DEBUG] Verificando autenticación: usuario en sesión
[2025-04-20 01:47:12] [INFO] Prueba de log info desde DashboardController
[2025-04-20 01:47:12] [INFO] Iniciando DashboardController
[2025-04-20 01:47:12] [DEBUG] Estado de sesión: activa
[2025-04-20 01:47:12] [DEBUG] ID de sesión: lrbuui3bavka5gdh7jlpt9fv1p
[2025-04-20 01:47:12] [DEBUG] Datos de sesión: {"csrf_token":"b597c65fa36299e3eb8928fe23d9c308","form_data":{"login":"admin"},"user_id":1,"username":"admin","name":"Administrador de Prueba","role":"admin","flash_messages":{"success":["Inicio de sesi\u00f3n exitoso. Bienvenido(a) Administrador de Prueba"]}}
[2025-04-20 01:47:12] [DEBUG] Verificando autenticación: usuario en sesión
[2025-04-20 01:47:12] [DEBUG] Verificando autenticación. isAuthenticated(): true
[2025-04-20 01:47:12] [DEBUG] Verificando autenticación: usuario en sesión
[2025-04-20 01:47:12] [INFO] Usuario autenticado, continuando...
[2025-04-20 01:47:12] [INFO] Dispatching to controller action. {"controller":"DashboardController","action":"index"}
[2025-04-20 01:47:12] [WARNING] Undefined variable $params en /var/www/html/b2b_conector/public/index.php línea 188 {"errno":2}
[2025-04-20 01:47:12] [ERROR] TypeError: call_user_func_array(): Argument #2 ($args) must be of type array, null given en /var/www/html/b2b_conector/public/index.php:188 {"trace":"#0 {main}"}
[2025-04-20 01:47:12] [INFO] Application bootstrap started.
[2025-04-20 01:47:12] [DEBUG] Session started. Session ID: lrbuui3bavka5gdh7jlpt9fv1p
[2025-04-20 01:47:12] [WARNING] Undefined variable $params en /var/www/html/b2b_conector/public/index.php línea 64 {"errno":2}
[2025-04-20 01:47:12] [DEBUG] Routing request {"controller":"assets","action":"css","params":null,"original_url":"assets\/css\/main.css","method":"GET"}
[2025-04-20 01:47:12] [WARNING] Undefined variable $currentRoute en /var/www/html/b2b_conector/public/index.php línea 103 {"errno":2}
[2025-04-20 01:47:12] [INFO] strpos(): Passing null to parameter #1 ($haystack) of type string is deprecated en /var/www/html/b2b_conector/public/index.php línea 103 {"errno":8192}
[2025-04-20 01:47:12] [WARNING] Undefined variable $currentRoute en /var/www/html/b2b_conector/public/index.php línea 103 {"errno":2}
[2025-04-20 01:47:12] [INFO] strpos(): Passing null to parameter #1 ($haystack) of type string is deprecated en /var/www/html/b2b_conector/public/index.php línea 103 {"errno":8192}
[2025-04-20 19:10:44] [INFO] Application bootstrap started.
[2025-04-20 19:10:44] [DEBUG] Session started. Session ID: i6d0l8aug4um948svke1kc67op
[2025-04-20 19:10:44] [WARNING] Undefined variable $params en /var/www/html/b2b_conector/public/index.php línea 64 {"errno":2}
[2025-04-20 19:10:44] [DEBUG] Routing request {"controller":"auth","action":"login","params":null,"original_url":"auth\/login","method":"GET"}
[2025-04-20 19:10:44] [WARNING] Undefined variable $currentRoute en /var/www/html/b2b_conector/public/index.php línea 103 {"errno":2}
[2025-04-20 19:10:44] [INFO] strpos(): Passing null to parameter #1 ($haystack) of type string is deprecated en /var/www/html/b2b_conector/public/index.php línea 103 {"errno":8192}
[2025-04-20 19:10:44] [WARNING] Undefined variable $currentRoute en /var/www/html/b2b_conector/public/index.php línea 103 {"errno":2}
[2025-04-20 19:10:44] [INFO] strpos(): Passing null to parameter #1 ($haystack) of type string is deprecated en /var/www/html/b2b_conector/public/index.php línea 103 {"errno":8192}
[2025-04-20 19:10:44] [DEBUG] Comprobando autenticación para ruta: auth/login {"es_ruta_publica":true,"estado_sesion":"no autenticado"}
[2025-04-20 19:10:44] [DEBUG] AuthController inicializado
[2025-04-20 19:10:44] [INFO] Dispatching to controller action. {"controller":"AuthController","action":"login"}
[2025-04-20 19:10:44] [WARNING] Undefined variable $params en /var/www/html/b2b_conector/public/index.php línea 188 {"errno":2}
[2025-04-20 19:10:44] [ERROR] TypeError: call_user_func_array(): Argument #2 ($args) must be of type array, null given en /var/www/html/b2b_conector/public/index.php:188 {"trace":"#0 {main}"}
